

================================================================
== Vitis HLS Report for 'bfs'
================================================================
* Date:           Sat May 27 16:57:09 2023

* Version:        2022.1 (Build 3526262 on Mon Apr 18 15:47:01 MDT 2022)
* Project:        bfs_random_prj
* Solution:       solution (Vivado IP Flow Target)
* Product family: virtex7
* Target device:  xc7vx485t-ffg1761-2


================================================================
== Performance Estimates
================================================================
+ Timing: 
    * Summary: 
    +--------+----------+----------+------------+
    |  Clock |  Target  | Estimated| Uncertainty|
    +--------+----------+----------+------------+
    |ap_clk  |  10.00 ns|  5.393 ns|     2.70 ns|
    +--------+----------+----------+------------+

+ Latency: 
    * Summary: 
    +---------+---------+----------+----------+-----+-----+---------+
    |  Latency (cycles) |  Latency (absolute) |  Interval | Pipeline|
    |   min   |   max   |    min   |    max   | min | max |   Type  |
    +---------+---------+----------+----------+-----+-----+---------+
    |        ?|        ?|         ?|         ?|    ?|    ?|       no|
    +---------+---------+----------+----------+-----+-----+---------+

    + Detail: 
        * Instance: 
        +----------------------------------------+-----------------------------+---------+---------+----------+----------+-----+-----+---------+
        |                                        |                             |  Latency (cycles) |  Latency (absolute) |  Interval | Pipeline|
        |                Instance                |            Module           |   min   |   max   |    min   |    max   | min | max |   Type  |
        +----------------------------------------+-----------------------------+---------+---------+----------+----------+-----+-----+---------+
        |grp_bfs_Pipeline_loop_neighbors_fu_206  |bfs_Pipeline_loop_neighbors  |        ?|        ?|         ?|         ?|    ?|    ?|       no|
        +----------------------------------------+-----------------------------+---------+---------+----------+----------+-----+-----+---------+

        * Loop: 
        +-----------------+---------+---------+----------+-----------+-----------+------+----------+
        |                 |  Latency (cycles) | Iteration|  Initiation Interval  | Trip |          |
        |    Loop Name    |   min   |   max   |  Latency |  achieved |   target  | Count| Pipelined|
        +-----------------+---------+---------+----------+-----------+-----------+------+----------+
        |- loop_horizons  |        ?|        ?|         ?|          -|          -|     ?|        no|
        | + loop_nodes    |        ?|        ?|         ?|          -|          -|   256|        no|
        +-----------------+---------+---------+----------+-----------+-----------+------+----------+



================================================================
== Utilization Estimates
================================================================
* Summary: 
+-----------------+---------+------+--------+--------+-----+
|       Name      | BRAM_18K|  DSP |   FF   |   LUT  | URAM|
+-----------------+---------+------+--------+--------+-----+
|DSP              |        -|     -|       -|       -|    -|
|Expression       |        -|     -|       0|     308|    -|
|FIFO             |        -|     -|       -|       -|    -|
|Instance         |        -|     -|     413|     521|    -|
|Memory           |        -|     -|       -|       -|    -|
|Multiplexer      |        -|     -|       -|     160|    -|
|Register         |        -|     -|     626|       -|    -|
+-----------------+---------+------+--------+--------+-----+
|Total            |        0|     0|    1039|     989|    0|
+-----------------+---------+------+--------+--------+-----+
|Available        |     2060|  2800|  607200|  303600|    0|
+-----------------+---------+------+--------+--------+-----+
|Utilization (%)  |        0|     0|      ~0|      ~0|    0|
+-----------------+---------+------+--------+--------+-----+

+ Detail: 
    * Instance: 
    +----------------------------------------+-----------------------------+---------+----+-----+-----+-----+
    |                Instance                |            Module           | BRAM_18K| DSP|  FF | LUT | URAM|
    +----------------------------------------+-----------------------------+---------+----+-----+-----+-----+
    |grp_bfs_Pipeline_loop_neighbors_fu_206  |bfs_Pipeline_loop_neighbors  |        0|   0|  413|  521|    0|
    +----------------------------------------+-----------------------------+---------+----+-----+-----+-----+
    |Total                                   |                             |        0|   0|  413|  521|    0|
    +----------------------------------------+-----------------------------+---------+----+-----+-----+-----+

    * DSP: 
    N/A

    * Memory: 
    N/A

    * FIFO: 
    N/A

    * Expression: 
    +-------------------------+----------+----+---+----+------------+------------+
    |      Variable Name      | Operation| DSP| FF| LUT| Bitwidth P0| Bitwidth P1|
    +-------------------------+----------+----+---+----+------------+------------+
    |add_ln21_cast_fu_245_p2  |         +|   0|  0|  13|           4|           1|
    |add_ln21_fu_239_p2       |         +|   0|  0|  71|          64|           1|
    |empty_fu_251_p2          |         +|   0|  0|  15|           8|           1|
    |n_1_fu_263_p2            |         +|   0|  0|  16|           9|           1|
    |and_ln39_fu_303_p2       |       and|   0|  0|   2|           1|           1|
    |icmp_ln21_fu_298_p2      |      icmp|   0|  0|  29|          64|           4|
    |icmp_ln24_fu_257_p2      |      icmp|   0|  0|  11|           9|          10|
    |icmp_ln25_fu_321_p2      |      icmp|   0|  0|  29|          64|          64|
    |icmp_ln28_fu_342_p2      |      icmp|   0|  0|  29|          64|          64|
    |icmp_ln39_fu_292_p2      |      icmp|   0|  0|  29|          64|           1|
    |select_ln28_fu_354_p3    |    select|   0|  0|  64|           1|          64|
    +-------------------------+----------+----+---+----+------------+------------+
    |Total                    |          |   0|  0| 308|         352|         212|
    +-------------------------+----------+----+---+----+------------+------------+

    * Multiplexer: 
    +--------------------------------+----+-----------+-----+-----------+
    |              Name              | LUT| Input Size| Bits| Total Bits|
    +--------------------------------+----+-----------+-----+-----------+
    |ap_NS_fsm                       |  33|          8|    1|          8|
    |ap_phi_mux_cnt_1_phi_fu_195_p6  |   9|          2|   64|        128|
    |cnt_1_reg_191                   |   9|          2|   64|        128|
    |cnt_reg_166                     |   9|          2|   64|        128|
    |horizon_fu_76                   |   9|          2|   64|        128|
    |level_address0                  |  17|          4|    8|         32|
    |level_ce0                       |  13|          3|    1|          3|
    |level_counts_0_address0         |  13|          3|    3|          9|
    |level_counts_0_d0               |  13|          3|   64|        192|
    |level_d0                        |  13|          3|    8|         24|
    |level_we0                       |  13|          3|    1|          3|
    |n_reg_180                       |   9|          2|    9|         18|
    +--------------------------------+----+-----------+-----+-----------+
    |Total                           | 160|         37|  351|        801|
    +--------------------------------+----+-----------+-----+-----------+

    * Register: 
    +-----------------------------------------------------+----+----+-----+-----------+
    |                         Name                        | FF | LUT| Bits| Const Bits|
    +-----------------------------------------------------+----+----+-----+-----------+
    |add_ln21_cast_reg_392                                |   4|   0|    4|          0|
    |add_ln21_reg_386                                     |  64|   0|   64|          0|
    |ap_CS_fsm                                            |   7|   0|    7|          0|
    |cnt_1_0_loc_fu_84                                    |  64|   0|   64|          0|
    |cnt_1_reg_191                                        |  64|   0|   64|          0|
    |cnt_2_0_loc_fu_80                                    |  64|   0|   64|          0|
    |cnt_reg_166                                          |  64|   0|   64|          0|
    |empty_reg_397                                        |   8|   0|    8|          0|
    |grp_bfs_Pipeline_loop_neighbors_fu_206_ap_start_reg  |   1|   0|    1|          0|
    |horizon_1_reg_381                                    |  64|   0|   64|          0|
    |horizon_fu_76                                        |  64|   0|   64|          0|
    |icmp_ln25_reg_426                                    |   1|   0|    1|          0|
    |icmp_ln28_reg_445                                    |   1|   0|    1|          0|
    |n_1_reg_405                                          |   9|   0|    9|          0|
    |n_reg_180                                            |   9|   0|    9|          0|
    |targetBlock_reg_449                                  |   1|   0|    1|          0|
    |tmp_begin_reg_435                                    |  64|   0|   64|          0|
    |tmp_end_reg_440                                      |  64|   0|   64|          0|
    |zext_ln24_reg_410                                    |   9|   0|   64|         55|
    +-----------------------------------------------------+----+----+-----+-----------+
    |Total                                                | 626|   0|  681|         55|
    +-----------------------------------------------------+----+----+-----+-----------+



================================================================
== Interface
================================================================
* Summary: 
+-------------------------+-----+-----+------------+----------------+--------------+
|        RTL Ports        | Dir | Bits|  Protocol  |  Source Object |    C Type    |
+-------------------------+-----+-----+------------+----------------+--------------+
|ap_clk                   |   in|    1|  ap_ctrl_hs|             bfs|  return value|
|ap_rst                   |   in|    1|  ap_ctrl_hs|             bfs|  return value|
|ap_start                 |   in|    1|  ap_ctrl_hs|             bfs|  return value|
|ap_done                  |  out|    1|  ap_ctrl_hs|             bfs|  return value|
|ap_idle                  |  out|    1|  ap_ctrl_hs|             bfs|  return value|
|ap_ready                 |  out|    1|  ap_ctrl_hs|             bfs|  return value|
|nodes_address0           |  out|    8|   ap_memory|           nodes|         array|
|nodes_ce0                |  out|    1|   ap_memory|           nodes|         array|
|nodes_q0                 |   in|  128|   ap_memory|           nodes|         array|
|edges_0_address0         |  out|   11|   ap_memory|         edges_0|         array|
|edges_0_ce0              |  out|    1|   ap_memory|         edges_0|         array|
|edges_0_q0               |   in|   64|   ap_memory|         edges_0|         array|
|edges_0_address1         |  out|   11|   ap_memory|         edges_0|         array|
|edges_0_ce1              |  out|    1|   ap_memory|         edges_0|         array|
|edges_0_q1               |   in|   64|   ap_memory|         edges_0|         array|
|edges_1_address0         |  out|   11|   ap_memory|         edges_1|         array|
|edges_1_ce0              |  out|    1|   ap_memory|         edges_1|         array|
|edges_1_q0               |   in|   64|   ap_memory|         edges_1|         array|
|edges_1_address1         |  out|   11|   ap_memory|         edges_1|         array|
|edges_1_ce1              |  out|    1|   ap_memory|         edges_1|         array|
|edges_1_q1               |   in|   64|   ap_memory|         edges_1|         array|
|starting_node            |   in|   64|     ap_none|   starting_node|        scalar|
|level_address0           |  out|    8|   ap_memory|           level|         array|
|level_ce0                |  out|    1|   ap_memory|           level|         array|
|level_we0                |  out|    1|   ap_memory|           level|         array|
|level_d0                 |  out|    8|   ap_memory|           level|         array|
|level_q0                 |   in|    8|   ap_memory|           level|         array|
|level_counts_0_address0  |  out|    3|   ap_memory|  level_counts_0|         array|
|level_counts_0_ce0       |  out|    1|   ap_memory|  level_counts_0|         array|
|level_counts_0_we0       |  out|    1|   ap_memory|  level_counts_0|         array|
|level_counts_0_d0        |  out|   64|   ap_memory|  level_counts_0|         array|
|level_counts_1_address0  |  out|    3|   ap_memory|  level_counts_1|         array|
|level_counts_1_ce0       |  out|    1|   ap_memory|  level_counts_1|         array|
|level_counts_1_we0       |  out|    1|   ap_memory|  level_counts_1|         array|
|level_counts_1_d0        |  out|   64|   ap_memory|  level_counts_1|         array|
+-------------------------+-----+-----+------------+----------------+--------------+

============================================================
+ Verbose Summary: Synthesis Manager
============================================================
InlineROM: 1
ExposeGlobal: 0
============================================================
+ Verbose Summary: CDFG Model
============================================================
IsTopModel: 1
ResetActiveHigh: 1
IsCombinational: 2
IsDatapathOnly: 2
HasWiredReturn: 1
HasMFsm: 0
HasVarLatency: 1
IsPipeline: 0
IsRtlPipelined: 0
IsInstanceOverlapped: 0
IsDontTouch: 0
HasImplIP: 0
IsGatedGlobalClock: 0


============================================================
+ Verbose Summary: Schedule
============================================================
* Number of FSM states : 7
* Pipeline : 0
* Dataflow Pipeline: 0

* FSM state transitions: 
1 --> 2 
2 --> 3 
3 --> 4 2 
4 --> 5 7 
5 --> 6 7 
6 --> 7 
7 --> 3 

* FSM state operations: 

State 1 <SV = 0> <Delay = 2.26>
ST_1 : Operation 8 [1/1] (0.00ns)   --->   "%horizon = alloca i32 1"   --->   Operation 8 'alloca' 'horizon' <Predicate = true> <Delay = 0.00>
ST_1 : Operation 9 [1/1] (0.00ns)   --->   "%starting_node_read = read i64 @_ssdm_op_Read.ap_auto.i64, i64 %starting_node"   --->   Operation 9 'read' 'starting_node_read' <Predicate = true> <Delay = 0.00>
ST_1 : Operation 10 [1/1] (0.00ns)   --->   "%cnt_2_0_loc = alloca i64 1"   --->   Operation 10 'alloca' 'cnt_2_0_loc' <Predicate = true> <Delay = 0.00>
ST_1 : Operation 11 [1/1] (0.00ns)   --->   "%cnt_1_0_loc = alloca i64 1"   --->   Operation 11 'alloca' 'cnt_1_0_loc' <Predicate = true> <Delay = 0.00>
ST_1 : Operation 12 [1/1] (0.00ns)   --->   "%spectopmodule_ln9 = spectopmodule void @_ssdm_op_SpecTopModule, void @empty_2" [bfs.c:9]   --->   Operation 12 'spectopmodule' 'spectopmodule_ln9' <Predicate = true> <Delay = 0.00>
ST_1 : Operation 13 [1/1] (0.00ns)   --->   "%specinterface_ln0 = specinterface void @_ssdm_op_SpecInterface, i128 %nodes, void @empty, i32 0, i32 0, void @empty_0, i32 4294967295, i32 0, void @empty_0, void @empty_0, void @empty_0, i32 0, i32 0, i32 0, i32 0, void @empty_0, void @empty_0, i32 4294967295, i32 0"   --->   Operation 13 'specinterface' 'specinterface_ln0' <Predicate = true> <Delay = 0.00>
ST_1 : Operation 14 [1/1] (0.00ns)   --->   "%specbitsmap_ln0 = specbitsmap void @_ssdm_op_SpecBitsMap, i128 %nodes"   --->   Operation 14 'specbitsmap' 'specbitsmap_ln0' <Predicate = true> <Delay = 0.00>
ST_1 : Operation 15 [1/1] (0.00ns)   --->   "%specinterface_ln0 = specinterface void @_ssdm_op_SpecInterface, i64 %edges_0, void @empty, i32 0, i32 0, void @empty_0, i32 4294967295, i32 0, void @empty_0, void @empty_0, void @empty_0, i32 0, i32 0, i32 0, i32 0, void @empty_0, void @empty_0, i32 4294967295, i32 0"   --->   Operation 15 'specinterface' 'specinterface_ln0' <Predicate = true> <Delay = 0.00>
ST_1 : Operation 16 [1/1] (0.00ns)   --->   "%specbitsmap_ln0 = specbitsmap void @_ssdm_op_SpecBitsMap, i64 %edges_0"   --->   Operation 16 'specbitsmap' 'specbitsmap_ln0' <Predicate = true> <Delay = 0.00>
ST_1 : Operation 17 [1/1] (0.00ns)   --->   "%specinterface_ln0 = specinterface void @_ssdm_op_SpecInterface, i64 %edges_1, void @empty, i32 0, i32 0, void @empty_0, i32 4294967295, i32 0, void @empty_0, void @empty_0, void @empty_0, i32 0, i32 0, i32 0, i32 0, void @empty_0, void @empty_0, i32 4294967295, i32 0"   --->   Operation 17 'specinterface' 'specinterface_ln0' <Predicate = true> <Delay = 0.00>
ST_1 : Operation 18 [1/1] (0.00ns)   --->   "%specbitsmap_ln0 = specbitsmap void @_ssdm_op_SpecBitsMap, i64 %edges_1"   --->   Operation 18 'specbitsmap' 'specbitsmap_ln0' <Predicate = true> <Delay = 0.00>
ST_1 : Operation 19 [1/1] (0.00ns)   --->   "%specbitsmap_ln0 = specbitsmap void @_ssdm_op_SpecBitsMap, i64 %starting_node"   --->   Operation 19 'specbitsmap' 'specbitsmap_ln0' <Predicate = true> <Delay = 0.00>
ST_1 : Operation 20 [1/1] (0.00ns)   --->   "%specinterface_ln0 = specinterface void @_ssdm_op_SpecInterface, i64 %starting_node, void @empty_1, i32 0, i32 0, void @empty_0, i32 0, i32 0, void @empty_0, void @empty_0, void @empty_0, i32 0, i32 0, i32 0, i32 0, void @empty_0, void @empty_0, i32 4294967295, i32 0"   --->   Operation 20 'specinterface' 'specinterface_ln0' <Predicate = true> <Delay = 0.00>
ST_1 : Operation 21 [1/1] (0.00ns)   --->   "%specinterface_ln0 = specinterface void @_ssdm_op_SpecInterface, i8 %level, void @empty, i32 0, i32 0, void @empty_0, i32 4294967295, i32 0, void @empty_0, void @empty_0, void @empty_0, i32 0, i32 0, i32 0, i32 0, void @empty_0, void @empty_0, i32 4294967295, i32 0"   --->   Operation 21 'specinterface' 'specinterface_ln0' <Predicate = true> <Delay = 0.00>
ST_1 : Operation 22 [1/1] (0.00ns)   --->   "%specbitsmap_ln0 = specbitsmap void @_ssdm_op_SpecBitsMap, i8 %level"   --->   Operation 22 'specbitsmap' 'specbitsmap_ln0' <Predicate = true> <Delay = 0.00>
ST_1 : Operation 23 [1/1] (0.00ns)   --->   "%specinterface_ln0 = specinterface void @_ssdm_op_SpecInterface, i64 %level_counts_0, void @empty, i32 0, i32 0, void @empty_0, i32 4294967295, i32 0, void @empty_0, void @empty_0, void @empty_0, i32 0, i32 0, i32 0, i32 0, void @empty_0, void @empty_0, i32 4294967295, i32 0"   --->   Operation 23 'specinterface' 'specinterface_ln0' <Predicate = true> <Delay = 0.00>
ST_1 : Operation 24 [1/1] (0.00ns)   --->   "%specbitsmap_ln0 = specbitsmap void @_ssdm_op_SpecBitsMap, i64 %level_counts_0"   --->   Operation 24 'specbitsmap' 'specbitsmap_ln0' <Predicate = true> <Delay = 0.00>
ST_1 : Operation 25 [1/1] (0.00ns)   --->   "%specinterface_ln0 = specinterface void @_ssdm_op_SpecInterface, i64 %level_counts_1, void @empty, i32 0, i32 0, void @empty_0, i32 4294967295, i32 0, void @empty_0, void @empty_0, void @empty_0, i32 0, i32 0, i32 0, i32 0, void @empty_0, void @empty_0, i32 4294967295, i32 0"   --->   Operation 25 'specinterface' 'specinterface_ln0' <Predicate = true> <Delay = 0.00>
ST_1 : Operation 26 [1/1] (0.00ns)   --->   "%specbitsmap_ln0 = specbitsmap void @_ssdm_op_SpecBitsMap, i64 %level_counts_1"   --->   Operation 26 'specbitsmap' 'specbitsmap_ln0' <Predicate = true> <Delay = 0.00>
ST_1 : Operation 27 [1/1] (0.00ns)   --->   "%level_addr = getelementptr i8 %level, i64 0, i64 %starting_node_read" [bfs.c:18]   --->   Operation 27 'getelementptr' 'level_addr' <Predicate = true> <Delay = 0.00>
ST_1 : Operation 28 [1/1] (2.26ns)   --->   "%store_ln18 = store i8 0, i8 %level_addr" [bfs.c:18]   --->   Operation 28 'store' 'store_ln18' <Predicate = true> <Delay = 2.26> <CoreInst = "RAM">   --->   Core 82 'RAM' <Latency = 1> <II = 1> <Delay = 2.26> <Storage> <Opcode : 'load' 'store'> <Ports = 2> <Width = 8> <Depth = 256> <RAM>
ST_1 : Operation 29 [1/1] (0.00ns)   --->   "%level_counts_0_addr = getelementptr i64 %level_counts_0, i64 0, i64 0" [bfs.c:19]   --->   Operation 29 'getelementptr' 'level_counts_0_addr' <Predicate = true> <Delay = 0.00>
ST_1 : Operation 30 [1/1] (1.14ns)   --->   "%store_ln19 = store i64 1, i3 %level_counts_0_addr" [bfs.c:19]   --->   Operation 30 'store' 'store_ln19' <Predicate = true> <Delay = 1.14> <CoreInst = "RAM">   --->   Core 82 'RAM' <Latency = 1> <II = 1> <Delay = 1.14> <Storage> <Opcode : 'load' 'store'> <Ports = 2> <Width = 64> <Depth = 5> <RAM>
ST_1 : Operation 31 [1/1] (0.84ns)   --->   "%store_ln21 = store i64 0, i64 %horizon" [bfs.c:21]   --->   Operation 31 'store' 'store_ln21' <Predicate = true> <Delay = 0.84>
ST_1 : Operation 32 [1/1] (0.00ns)   --->   "%br_ln21 = br void %loop_nodes" [bfs.c:21]   --->   Operation 32 'br' 'br_ln21' <Predicate = true> <Delay = 0.00>

State 2 <SV = 1> <Delay = 1.81>
ST_2 : Operation 33 [1/1] (0.00ns)   --->   "%horizon_1 = load i64 %horizon" [bfs.c:39]   --->   Operation 33 'load' 'horizon_1' <Predicate = true> <Delay = 0.00>
ST_2 : Operation 34 [1/1] (0.00ns)   --->   "%specloopname_ln16 = specloopname void @_ssdm_op_SpecLoopName, void @empty_5" [bfs.c:16]   --->   Operation 34 'specloopname' 'specloopname_ln16' <Predicate = true> <Delay = 0.00>
ST_2 : Operation 35 [1/1] (0.00ns)   --->   "%trunc_ln21 = trunc i64 %horizon_1" [bfs.c:21]   --->   Operation 35 'trunc' 'trunc_ln21' <Predicate = true> <Delay = 0.00>
ST_2 : Operation 36 [1/1] (0.00ns)   --->   "%trunc_ln21_1 = trunc i64 %horizon_1" [bfs.c:21]   --->   Operation 36 'trunc' 'trunc_ln21_1' <Predicate = true> <Delay = 0.00>
ST_2 : Operation 37 [1/1] (1.81ns)   --->   "%add_ln21 = add i64 %horizon_1, i64 1" [bfs.c:21]   --->   Operation 37 'add' 'add_ln21' <Predicate = true> <Delay = 1.81> <CoreInst = "Adder">   --->   Core 1 'Adder' <Latency = 0> <II = 1> <Delay = 1.81> <FuncUnit> <Opcode : 'add' 'sub'> <InPorts = 2> <OutPorts = 1>
ST_2 : Operation 38 [1/1] (1.01ns)   --->   "%add_ln21_cast = add i4 %trunc_ln21_1, i4 1" [bfs.c:21]   --->   Operation 38 'add' 'add_ln21_cast' <Predicate = true> <Delay = 1.01> <CoreInst = "Adder">   --->   Core 1 'Adder' <Latency = 0> <II = 1> <Delay = 1.01> <FuncUnit> <Opcode : 'add' 'sub'> <InPorts = 2> <OutPorts = 1>
ST_2 : Operation 39 [1/1] (1.35ns)   --->   "%empty = add i8 %trunc_ln21, i8 1" [bfs.c:21]   --->   Operation 39 'add' 'empty' <Predicate = true> <Delay = 1.35> <CoreInst = "Adder">   --->   Core 1 'Adder' <Latency = 0> <II = 1> <Delay = 1.35> <FuncUnit> <Opcode : 'add' 'sub'> <InPorts = 2> <OutPorts = 1>
ST_2 : Operation 40 [1/1] (0.84ns)   --->   "%br_ln24 = br void %for.body4" [bfs.c:24]   --->   Operation 40 'br' 'br_ln24' <Predicate = true> <Delay = 0.84>

State 3 <SV = 2> <Delay = 3.21>
ST_3 : Operation 41 [1/1] (0.00ns)   --->   "%cnt = phi i64 0, void %loop_nodes, i64 %cnt_1, void %for.inc24"   --->   Operation 41 'phi' 'cnt' <Predicate = true> <Delay = 0.00>
ST_3 : Operation 42 [1/1] (0.00ns)   --->   "%n = phi i9 0, void %loop_nodes, i9 %n_1, void %for.inc24"   --->   Operation 42 'phi' 'n' <Predicate = true> <Delay = 0.00>
ST_3 : Operation 43 [1/1] (0.90ns)   --->   "%icmp_ln24 = icmp_eq  i9 %n, i9 256" [bfs.c:24]   --->   Operation 43 'icmp' 'icmp_ln24' <Predicate = true> <Delay = 0.90> <CoreInst = "Cmp">   --->   Core 9 'Cmp' <Latency = 0> <II = 1> <Delay = 0.94> <FuncUnit> <Opcode : 'icmp'> <InPorts = 2> <OutPorts = 1>
ST_3 : Operation 44 [1/1] (0.00ns)   --->   "%empty_17 = speclooptripcount i32 @_ssdm_op_SpecLoopTripCount, i64 256, i64 256, i64 256"   --->   Operation 44 'speclooptripcount' 'empty_17' <Predicate = true> <Delay = 0.00>
ST_3 : Operation 45 [1/1] (1.35ns)   --->   "%n_1 = add i9 %n, i9 1" [bfs.c:24]   --->   Operation 45 'add' 'n_1' <Predicate = true> <Delay = 1.35> <CoreInst = "Adder">   --->   Core 1 'Adder' <Latency = 0> <II = 1> <Delay = 1.35> <FuncUnit> <Opcode : 'add' 'sub'> <InPorts = 2> <OutPorts = 1>
ST_3 : Operation 46 [1/1] (0.00ns)   --->   "%br_ln24 = br i1 %icmp_ln24, void %for.body4.split, void %for.end26" [bfs.c:24]   --->   Operation 46 'br' 'br_ln24' <Predicate = true> <Delay = 0.00>
ST_3 : Operation 47 [1/1] (0.00ns)   --->   "%zext_ln24 = zext i9 %n" [bfs.c:24]   --->   Operation 47 'zext' 'zext_ln24' <Predicate = (!icmp_ln24)> <Delay = 0.00>
ST_3 : Operation 48 [1/1] (0.00ns)   --->   "%level_addr_1 = getelementptr i8 %level, i64 0, i64 %zext_ln24" [bfs.c:25]   --->   Operation 48 'getelementptr' 'level_addr_1' <Predicate = (!icmp_ln24)> <Delay = 0.00>
ST_3 : Operation 49 [2/2] (2.26ns)   --->   "%level_load = load i8 %level_addr_1" [bfs.c:25]   --->   Operation 49 'load' 'level_load' <Predicate = (!icmp_ln24)> <Delay = 2.26> <CoreInst = "RAM">   --->   Core 82 'RAM' <Latency = 1> <II = 1> <Delay = 2.26> <Storage> <Opcode : 'load' 'store'> <Ports = 2> <Width = 8> <Depth = 256> <RAM>
ST_3 : Operation 50 [1/1] (0.00ns)   --->   "%trunc_ln39 = trunc i64 %horizon_1" [bfs.c:39]   --->   Operation 50 'trunc' 'trunc_ln39' <Predicate = (icmp_ln24)> <Delay = 0.00>
ST_3 : Operation 51 [1/1] (0.00ns)   --->   "%lshr_ln = partselect i3 @_ssdm_op_PartSelect.i3.i4.i32.i32, i4 %add_ln21_cast, i32 1, i32 3" [bfs.c:39]   --->   Operation 51 'partselect' 'lshr_ln' <Predicate = (icmp_ln24)> <Delay = 0.00>
ST_3 : Operation 52 [1/1] (0.00ns)   --->   "%zext_ln39 = zext i3 %lshr_ln" [bfs.c:39]   --->   Operation 52 'zext' 'zext_ln39' <Predicate = (icmp_ln24)> <Delay = 0.00>
ST_3 : Operation 53 [1/1] (0.00ns)   --->   "%br_ln39 = br i1 %trunc_ln39, void %arrayidx291.case.1, void %arrayidx291.case.0" [bfs.c:39]   --->   Operation 53 'br' 'br_ln39' <Predicate = (icmp_ln24)> <Delay = 0.00>
ST_3 : Operation 54 [1/1] (0.00ns)   --->   "%level_counts_1_addr = getelementptr i64 %level_counts_1, i64 0, i64 %zext_ln39" [bfs.c:39]   --->   Operation 54 'getelementptr' 'level_counts_1_addr' <Predicate = (icmp_ln24 & !trunc_ln39)> <Delay = 0.00>
ST_3 : Operation 55 [1/1] (1.14ns)   --->   "%store_ln39 = store i64 %cnt, i3 %level_counts_1_addr" [bfs.c:39]   --->   Operation 55 'store' 'store_ln39' <Predicate = (icmp_ln24 & !trunc_ln39)> <Delay = 1.14> <CoreInst = "RAM">   --->   Core 82 'RAM' <Latency = 1> <II = 1> <Delay = 1.14> <Storage> <Opcode : 'load' 'store'> <Ports = 2> <Width = 64> <Depth = 5> <RAM>
ST_3 : Operation 56 [1/1] (0.00ns)   --->   "%br_ln39 = br void %arrayidx291.exit" [bfs.c:39]   --->   Operation 56 'br' 'br_ln39' <Predicate = (icmp_ln24 & !trunc_ln39)> <Delay = 0.00>
ST_3 : Operation 57 [1/1] (0.00ns)   --->   "%level_counts_0_addr_1 = getelementptr i64 %level_counts_0, i64 0, i64 %zext_ln39" [bfs.c:39]   --->   Operation 57 'getelementptr' 'level_counts_0_addr_1' <Predicate = (icmp_ln24 & trunc_ln39)> <Delay = 0.00>
ST_3 : Operation 58 [1/1] (1.14ns)   --->   "%store_ln39 = store i64 %cnt, i3 %level_counts_0_addr_1" [bfs.c:39]   --->   Operation 58 'store' 'store_ln39' <Predicate = (icmp_ln24 & trunc_ln39)> <Delay = 1.14> <CoreInst = "RAM">   --->   Core 82 'RAM' <Latency = 1> <II = 1> <Delay = 1.14> <Storage> <Opcode : 'load' 'store'> <Ports = 2> <Width = 64> <Depth = 5> <RAM>
ST_3 : Operation 59 [1/1] (0.00ns)   --->   "%br_ln39 = br void %arrayidx291.exit" [bfs.c:39]   --->   Operation 59 'br' 'br_ln39' <Predicate = (icmp_ln24 & trunc_ln39)> <Delay = 0.00>
ST_3 : Operation 60 [1/1] (1.40ns)   --->   "%icmp_ln39 = icmp_ne  i64 %cnt, i64 0" [bfs.c:39]   --->   Operation 60 'icmp' 'icmp_ln39' <Predicate = (icmp_ln24)> <Delay = 1.40> <CoreInst = "Cmp">   --->   Core 9 'Cmp' <Latency = 0> <II = 1> <Delay = 1.40> <FuncUnit> <Opcode : 'icmp'> <InPorts = 2> <OutPorts = 1>
ST_3 : Operation 61 [1/1] (1.40ns)   --->   "%icmp_ln21 = icmp_slt  i64 %add_ln21, i64 10" [bfs.c:21]   --->   Operation 61 'icmp' 'icmp_ln21' <Predicate = (icmp_ln24)> <Delay = 1.40> <CoreInst = "Cmp">   --->   Core 9 'Cmp' <Latency = 0> <II = 1> <Delay = 1.40> <FuncUnit> <Opcode : 'icmp'> <InPorts = 2> <OutPorts = 1>
ST_3 : Operation 62 [1/1] (0.48ns)   --->   "%and_ln39 = and i1 %icmp_ln39, i1 %icmp_ln21" [bfs.c:39]   --->   Operation 62 'and' 'and_ln39' <Predicate = (icmp_ln24)> <Delay = 0.48> <CoreInst = "LogicGate">   --->   Core 74 'LogicGate' <Latency = 0> <II = 1> <Delay = 0.48> <FuncUnit> <Opcode : 'and' 'or' 'xor'> <InPorts = 2> <OutPorts = 1>
ST_3 : Operation 63 [1/1] (0.00ns)   --->   "%br_ln39 = br i1 %and_ln39, void %for.end35, void %arrayidx291.exit.loop_nodes_crit_edge" [bfs.c:39]   --->   Operation 63 'br' 'br_ln39' <Predicate = (icmp_ln24)> <Delay = 0.00>
ST_3 : Operation 64 [1/1] (0.84ns)   --->   "%store_ln39 = store i64 %add_ln21, i64 %horizon" [bfs.c:39]   --->   Operation 64 'store' 'store_ln39' <Predicate = (icmp_ln24 & and_ln39)> <Delay = 0.84>
ST_3 : Operation 65 [1/1] (0.00ns)   --->   "%br_ln39 = br void %loop_nodes" [bfs.c:39]   --->   Operation 65 'br' 'br_ln39' <Predicate = (icmp_ln24 & and_ln39)> <Delay = 0.00>
ST_3 : Operation 66 [1/1] (0.00ns)   --->   "%ret_ln42 = ret" [bfs.c:42]   --->   Operation 66 'ret' 'ret_ln42' <Predicate = (icmp_ln24 & !and_ln39)> <Delay = 0.00>

State 4 <SV = 3> <Delay = 4.51>
ST_4 : Operation 67 [1/1] (0.00ns)   --->   "%specloopname_ln13 = specloopname void @_ssdm_op_SpecLoopName, void @empty_4" [bfs.c:13]   --->   Operation 67 'specloopname' 'specloopname_ln13' <Predicate = true> <Delay = 0.00>
ST_4 : Operation 68 [1/2] (2.26ns)   --->   "%level_load = load i8 %level_addr_1" [bfs.c:25]   --->   Operation 68 'load' 'level_load' <Predicate = true> <Delay = 2.26> <CoreInst = "RAM">   --->   Core 82 'RAM' <Latency = 1> <II = 1> <Delay = 2.26> <Storage> <Opcode : 'load' 'store'> <Ports = 2> <Width = 8> <Depth = 256> <RAM>
ST_4 : Operation 69 [1/1] (0.00ns)   --->   "%sext_ln25 = sext i8 %level_load" [bfs.c:25]   --->   Operation 69 'sext' 'sext_ln25' <Predicate = true> <Delay = 0.00>
ST_4 : Operation 70 [1/1] (0.00ns)   --->   "%zext_ln25 = zext i32 %sext_ln25" [bfs.c:25]   --->   Operation 70 'zext' 'zext_ln25' <Predicate = true> <Delay = 0.00>
ST_4 : Operation 71 [1/1] (1.40ns)   --->   "%icmp_ln25 = icmp_eq  i64 %zext_ln25, i64 %horizon_1" [bfs.c:25]   --->   Operation 71 'icmp' 'icmp_ln25' <Predicate = true> <Delay = 1.40> <CoreInst = "Cmp">   --->   Core 9 'Cmp' <Latency = 0> <II = 1> <Delay = 1.40> <FuncUnit> <Opcode : 'icmp'> <InPorts = 2> <OutPorts = 1>
ST_4 : Operation 72 [1/1] (0.84ns)   --->   "%br_ln25 = br i1 %icmp_ln25, void %for.inc24, void %loop_neighbors" [bfs.c:25]   --->   Operation 72 'br' 'br_ln25' <Predicate = true> <Delay = 0.84>
ST_4 : Operation 73 [1/1] (0.00ns)   --->   "%nodes_addr = getelementptr i128 %nodes, i64 0, i64 %zext_ln24" [bfs.c:26]   --->   Operation 73 'getelementptr' 'nodes_addr' <Predicate = (icmp_ln25)> <Delay = 0.00>
ST_4 : Operation 74 [2/2] (2.26ns)   --->   "%nodes_load = load i8 %nodes_addr" [bfs.c:26]   --->   Operation 74 'load' 'nodes_load' <Predicate = (icmp_ln25)> <Delay = 2.26> <CoreInst = "RAM">   --->   Core 82 'RAM' <Latency = 1> <II = 1> <Delay = 2.26> <Storage> <Opcode : 'load' 'store'> <Ports = 2> <Width = 128> <Depth = 256> <RAM>

State 5 <SV = 4> <Delay = 4.51>
ST_5 : Operation 75 [1/2] (2.26ns)   --->   "%nodes_load = load i8 %nodes_addr" [bfs.c:26]   --->   Operation 75 'load' 'nodes_load' <Predicate = true> <Delay = 2.26> <CoreInst = "RAM">   --->   Core 82 'RAM' <Latency = 1> <II = 1> <Delay = 2.26> <Storage> <Opcode : 'load' 'store'> <Ports = 2> <Width = 128> <Depth = 256> <RAM>
ST_5 : Operation 76 [1/1] (0.00ns)   --->   "%tmp_begin = trunc i128 %nodes_load" [bfs.c:26]   --->   Operation 76 'trunc' 'tmp_begin' <Predicate = true> <Delay = 0.00>
ST_5 : Operation 77 [1/1] (0.00ns)   --->   "%tmp_end = partselect i64 @_ssdm_op_PartSelect.i64.i128.i32.i32, i128 %nodes_load, i32 64, i32 127" [bfs.c:27]   --->   Operation 77 'partselect' 'tmp_end' <Predicate = true> <Delay = 0.00>
ST_5 : Operation 78 [1/1] (1.40ns)   --->   "%icmp_ln28 = icmp_ult  i64 %tmp_begin, i64 %tmp_end" [bfs.c:28]   --->   Operation 78 'icmp' 'icmp_ln28' <Predicate = true> <Delay = 1.40> <CoreInst = "Cmp">   --->   Core 9 'Cmp' <Latency = 0> <II = 1> <Delay = 1.40> <FuncUnit> <Opcode : 'icmp'> <InPorts = 2> <OutPorts = 1>
ST_5 : Operation 79 [1/1] (0.84ns)   --->   "%br_ln28 = br i1 %icmp_ln28, void %for.inc24, void %for.body13.0.preheader" [bfs.c:28]   --->   Operation 79 'br' 'br_ln28' <Predicate = true> <Delay = 0.84>
ST_5 : Operation 80 [2/2] (0.84ns)   --->   "%targetBlock = call i1 @bfs_Pipeline_loop_neighbors, i64 %cnt, i64 %tmp_begin, i64 %tmp_end, i64 %edges_0, i64 %edges_1, i8 %level, i8 %empty, i64 %cnt_1_0_loc, i64 %cnt_2_0_loc" [bfs.c:28]   --->   Operation 80 'call' 'targetBlock' <Predicate = (icmp_ln28)> <Delay = 0.84> <CoreType = "Generic">   --->   Core 0 '' <Latency = 0> <II = 1> <Delay = 1.00> <Generic> <Opcode : >

State 6 <SV = 5> <Delay = 0.84>
ST_6 : Operation 81 [1/2] (0.84ns)   --->   "%targetBlock = call i1 @bfs_Pipeline_loop_neighbors, i64 %cnt, i64 %tmp_begin, i64 %tmp_end, i64 %edges_0, i64 %edges_1, i8 %level, i8 %empty, i64 %cnt_1_0_loc, i64 %cnt_2_0_loc" [bfs.c:28]   --->   Operation 81 'call' 'targetBlock' <Predicate = true> <Delay = 0.84> <CoreType = "Generic">   --->   Core 0 '' <Latency = 0> <II = 1> <Delay = 1.00> <Generic> <Opcode : >

State 7 <SV = 6> <Delay = 1.46>
ST_7 : Operation 82 [1/1] (0.00ns)   --->   "%cnt_1_0_loc_load = load i64 %cnt_1_0_loc"   --->   Operation 82 'load' 'cnt_1_0_loc_load' <Predicate = (icmp_ln25 & icmp_ln28 & targetBlock)> <Delay = 0.00>
ST_7 : Operation 83 [1/1] (0.00ns)   --->   "%cnt_2_0_loc_load = load i64 %cnt_2_0_loc"   --->   Operation 83 'load' 'cnt_2_0_loc_load' <Predicate = (icmp_ln25 & icmp_ln28 & !targetBlock)> <Delay = 0.00>
ST_7 : Operation 84 [1/1] (0.62ns)   --->   "%select_ln28 = select i1 %targetBlock, i64 %cnt_1_0_loc_load, i64 %cnt_2_0_loc_load" [bfs.c:28]   --->   Operation 84 'select' 'select_ln28' <Predicate = (icmp_ln25 & icmp_ln28)> <Delay = 0.62> <CoreInst = "Sel">   --->   Core 73 'Sel' <Latency = 0> <II = 1> <Delay = 0.62> <FuncUnit> <Opcode : 'select'> <InPorts = 3> <OutPorts = 1>
ST_7 : Operation 85 [1/1] (0.84ns)   --->   "%br_ln0 = br void %for.inc24"   --->   Operation 85 'br' 'br_ln0' <Predicate = (icmp_ln25 & icmp_ln28)> <Delay = 0.84>
ST_7 : Operation 86 [1/1] (0.00ns)   --->   "%cnt_1 = phi i64 %select_ln28, void %for.body13.0.preheader, i64 %cnt, void %for.body4.split, i64 %cnt, void %loop_neighbors"   --->   Operation 86 'phi' 'cnt_1' <Predicate = true> <Delay = 0.00>
ST_7 : Operation 87 [1/1] (0.00ns)   --->   "%br_ln24 = br void %for.body4" [bfs.c:24]   --->   Operation 87 'br' 'br_ln24' <Predicate = true> <Delay = 0.00>


============================================================
+ Verbose Summary: Binding
============================================================
STG Binding: 
---------------- STG Properties BEGIN ----------------
- Is combinational: 0
- Is one-state seq: 0
- Is datapath-only: 0
- Is pipelined: 0
- Is top level: 1
Port [ Return ] is wired: 1; IO mode=ap_ctrl_hs:ce=0
Port [ nodes]:  wired=1; compound=1; hidden=0; nouse=0; global=0; static=0; extern=0; dir=0; type=1; pingpong=0; private_global=0; MemPort=[13]; IO mode=ap_memory:ce=0
Port [ edges_0]:  wired=1; compound=1; hidden=0; nouse=0; global=0; static=0; extern=0; dir=0; type=1; pingpong=0; private_global=0; MemPort=[11]; IO mode=ap_memory:ce=0
Port [ edges_1]:  wired=1; compound=1; hidden=0; nouse=0; global=0; static=0; extern=0; dir=0; type=1; pingpong=0; private_global=0; MemPort=[11]; IO mode=ap_memory:ce=0
Port [ starting_node]:  wired=1; compound=0; hidden=0; nouse=0; global=0; static=0; extern=0; dir=0; type=0; pingpong=0; private_global=0; IO mode=ap_none:ce=0
Port [ level]:  wired=1; compound=1; hidden=0; nouse=0; global=0; static=0; extern=0; dir=2; type=1; pingpong=0; private_global=0; MemPort=[23]; IO mode=ap_memory:ce=0
Port [ level_counts_0]:  wired=1; compound=1; hidden=0; nouse=0; global=0; static=0; extern=0; dir=1; type=1; pingpong=0; private_global=0; MemPort=[03]; IO mode=ap_memory:ce=0
Port [ level_counts_1]:  wired=1; compound=1; hidden=0; nouse=0; global=0; static=0; extern=0; dir=1; type=1; pingpong=0; private_global=0; MemPort=[03]; IO mode=ap_memory:ce=0
---------------- STG Properties END ------------------

---------------- Datapath Model BEGIN ----------------

<LifeTime>
<method=bitvector/>
horizon               (alloca           ) [ 01111111]
starting_node_read    (read             ) [ 00000000]
cnt_2_0_loc           (alloca           ) [ 00111111]
cnt_1_0_loc           (alloca           ) [ 00111111]
spectopmodule_ln9     (spectopmodule    ) [ 00000000]
specinterface_ln0     (specinterface    ) [ 00000000]
specbitsmap_ln0       (specbitsmap      ) [ 00000000]
specinterface_ln0     (specinterface    ) [ 00000000]
specbitsmap_ln0       (specbitsmap      ) [ 00000000]
specinterface_ln0     (specinterface    ) [ 00000000]
specbitsmap_ln0       (specbitsmap      ) [ 00000000]
specbitsmap_ln0       (specbitsmap      ) [ 00000000]
specinterface_ln0     (specinterface    ) [ 00000000]
specinterface_ln0     (specinterface    ) [ 00000000]
specbitsmap_ln0       (specbitsmap      ) [ 00000000]
specinterface_ln0     (specinterface    ) [ 00000000]
specbitsmap_ln0       (specbitsmap      ) [ 00000000]
specinterface_ln0     (specinterface    ) [ 00000000]
specbitsmap_ln0       (specbitsmap      ) [ 00000000]
level_addr            (getelementptr    ) [ 00000000]
store_ln18            (store            ) [ 00000000]
level_counts_0_addr   (getelementptr    ) [ 00000000]
store_ln19            (store            ) [ 00000000]
store_ln21            (store            ) [ 00000000]
br_ln21               (br               ) [ 00000000]
horizon_1             (load             ) [ 00011111]
specloopname_ln16     (specloopname     ) [ 00000000]
trunc_ln21            (trunc            ) [ 00000000]
trunc_ln21_1          (trunc            ) [ 00000000]
add_ln21              (add              ) [ 00011111]
add_ln21_cast         (add              ) [ 00011111]
empty                 (add              ) [ 00011111]
br_ln24               (br               ) [ 00111111]
cnt                   (phi              ) [ 00011111]
n                     (phi              ) [ 00010000]
icmp_ln24             (icmp             ) [ 00111111]
empty_17              (speclooptripcount) [ 00000000]
n_1                   (add              ) [ 00111111]
br_ln24               (br               ) [ 00000000]
zext_ln24             (zext             ) [ 00001000]
level_addr_1          (getelementptr    ) [ 00001000]
trunc_ln39            (trunc            ) [ 00111111]
lshr_ln               (partselect       ) [ 00000000]
zext_ln39             (zext             ) [ 00000000]
br_ln39               (br               ) [ 00000000]
level_counts_1_addr   (getelementptr    ) [ 00000000]
store_ln39            (store            ) [ 00000000]
br_ln39               (br               ) [ 00000000]
level_counts_0_addr_1 (getelementptr    ) [ 00000000]
store_ln39            (store            ) [ 00000000]
br_ln39               (br               ) [ 00000000]
icmp_ln39             (icmp             ) [ 00000000]
icmp_ln21             (icmp             ) [ 00000000]
and_ln39              (and              ) [ 00111111]
br_ln39               (br               ) [ 00000000]
store_ln39            (store            ) [ 00000000]
br_ln39               (br               ) [ 00000000]
ret_ln42              (ret              ) [ 00000000]
specloopname_ln13     (specloopname     ) [ 00000000]
level_load            (load             ) [ 00000000]
sext_ln25             (sext             ) [ 00000000]
zext_ln25             (zext             ) [ 00000000]
icmp_ln25             (icmp             ) [ 00111111]
br_ln25               (br               ) [ 00111111]
nodes_addr            (getelementptr    ) [ 00000100]
nodes_load            (load             ) [ 00000000]
tmp_begin             (trunc            ) [ 00000010]
tmp_end               (partselect       ) [ 00000010]
icmp_ln28             (icmp             ) [ 00111111]
br_ln28               (br               ) [ 00111111]
targetBlock           (call             ) [ 00111101]
cnt_1_0_loc_load      (load             ) [ 00000000]
cnt_2_0_loc_load      (load             ) [ 00000000]
select_ln28           (select           ) [ 00000000]
br_ln0                (br               ) [ 00000000]
cnt_1                 (phi              ) [ 00110011]
br_ln24               (br               ) [ 00111111]
</LifeTime>

<model>

<comp_list>
<comp id="0" class="1000" name="nodes">
<pin_list>
<pin id="1" dir="1" index="0" bw="1" slack="0"/>
</pin_list>
<bind>
<StgValue><ssdm name="nodes"/><MemPortTyVec>1 3 </MemPortTyVec>
</StgValue>
</bind>
</comp>

<comp id="2" class="1000" name="edges_0">
<pin_list>
<pin id="3" dir="1" index="0" bw="1" slack="0"/>
</pin_list>
<bind>
<StgValue><ssdm name="edges_0"/><MemPortTyVec>1 1 </MemPortTyVec>
</StgValue>
</bind>
</comp>

<comp id="4" class="1000" name="edges_1">
<pin_list>
<pin id="5" dir="1" index="0" bw="1" slack="0"/>
</pin_list>
<bind>
<StgValue><ssdm name="edges_1"/><MemPortTyVec>1 1 </MemPortTyVec>
</StgValue>
</bind>
</comp>

<comp id="6" class="1000" name="starting_node">
<pin_list>
<pin id="7" dir="1" index="0" bw="1" slack="0"/>
</pin_list>
<bind>
<StgValue><ssdm name="starting_node"/></StgValue>
</bind>
</comp>

<comp id="8" class="1000" name="level">
<pin_list>
<pin id="9" dir="1" index="0" bw="1" slack="0"/>
</pin_list>
<bind>
<StgValue><ssdm name="level"/><MemPortTyVec>2 3 </MemPortTyVec>
</StgValue>
</bind>
</comp>

<comp id="10" class="1000" name="level_counts_0">
<pin_list>
<pin id="11" dir="1" index="0" bw="1" slack="0"/>
</pin_list>
<bind>
<StgValue><ssdm name="level_counts_0"/><MemPortTyVec>0 3 </MemPortTyVec>
</StgValue>
</bind>
</comp>

<comp id="12" class="1000" name="level_counts_1">
<pin_list>
<pin id="13" dir="1" index="0" bw="1" slack="0"/>
</pin_list>
<bind>
<StgValue><ssdm name="level_counts_1"/><MemPortTyVec>0 3 </MemPortTyVec>
</StgValue>
</bind>
</comp>

<comp id="14" class="1001" name="const_14">
<pin_list>
<pin id="15" dir="1" index="0" bw="1" slack="0"/>
</pin_list>
<bind>
<StgValue><ssdm name=""/></StgValue>
</bind>
</comp>

<comp id="16" class="1001" name="const_16">
<pin_list>
<pin id="17" dir="1" index="0" bw="1" slack="0"/>
</pin_list>
<bind>
<StgValue><ssdm name="_ssdm_op_Read.ap_auto.i64"/></StgValue>
</bind>
</comp>

<comp id="18" class="1001" name="const_18">
<pin_list>
<pin id="19" dir="1" index="0" bw="1" slack="0"/>
</pin_list>
<bind>
<StgValue><ssdm name=""/></StgValue>
</bind>
</comp>

<comp id="20" class="1001" name="const_20">
<pin_list>
<pin id="21" dir="1" index="0" bw="1" slack="2147483647"/>
</pin_list>
<bind>
<StgValue><ssdm name="_ssdm_op_SpecTopModule"/></StgValue>
</bind>
</comp>

<comp id="22" class="1001" name="const_22">
<pin_list>
<pin id="23" dir="1" index="0" bw="1" slack="2147483647"/>
</pin_list>
<bind>
<StgValue><ssdm name="empty_2"/></StgValue>
</bind>
</comp>

<comp id="24" class="1001" name="const_24">
<pin_list>
<pin id="25" dir="1" index="0" bw="1" slack="2147483647"/>
</pin_list>
<bind>
<StgValue><ssdm name="_ssdm_op_SpecInterface"/></StgValue>
</bind>
</comp>

<comp id="26" class="1001" name="const_26">
<pin_list>
<pin id="27" dir="1" index="0" bw="1" slack="2147483647"/>
</pin_list>
<bind>
<StgValue><ssdm name="empty"/></StgValue>
</bind>
</comp>

<comp id="28" class="1001" name="const_28">
<pin_list>
<pin id="29" dir="1" index="0" bw="1" slack="2147483647"/>
</pin_list>
<bind>
<StgValue><ssdm name=""/></StgValue>
</bind>
</comp>

<comp id="30" class="1001" name="const_30">
<pin_list>
<pin id="31" dir="1" index="0" bw="1" slack="2147483647"/>
</pin_list>
<bind>
<StgValue><ssdm name="empty_0"/></StgValue>
</bind>
</comp>

<comp id="32" class="1001" name="const_32">
<pin_list>
<pin id="33" dir="1" index="0" bw="1" slack="2147483647"/>
</pin_list>
<bind>
<StgValue><ssdm name=""/></StgValue>
</bind>
</comp>

<comp id="34" class="1001" name="const_34">
<pin_list>
<pin id="35" dir="1" index="0" bw="1" slack="2147483647"/>
</pin_list>
<bind>
<StgValue><ssdm name="_ssdm_op_SpecBitsMap"/></StgValue>
</bind>
</comp>

<comp id="36" class="1001" name="const_36">
<pin_list>
<pin id="37" dir="1" index="0" bw="1" slack="2147483647"/>
</pin_list>
<bind>
<StgValue><ssdm name="empty_1"/></StgValue>
</bind>
</comp>

<comp id="38" class="1001" name="const_38">
<pin_list>
<pin id="39" dir="1" index="0" bw="1" slack="0"/>
</pin_list>
<bind>
<StgValue><ssdm name=""/></StgValue>
</bind>
</comp>

<comp id="40" class="1001" name="const_40">
<pin_list>
<pin id="41" dir="1" index="0" bw="1" slack="0"/>
</pin_list>
<bind>
<StgValue><ssdm name=""/></StgValue>
</bind>
</comp>

<comp id="42" class="1001" name="const_42">
<pin_list>
<pin id="43" dir="1" index="0" bw="1" slack="2147483647"/>
</pin_list>
<bind>
<StgValue><ssdm name="_ssdm_op_SpecLoopName"/></StgValue>
</bind>
</comp>

<comp id="44" class="1001" name="const_44">
<pin_list>
<pin id="45" dir="1" index="0" bw="1" slack="2147483647"/>
</pin_list>
<bind>
<StgValue><ssdm name="empty_5"/></StgValue>
</bind>
</comp>

<comp id="46" class="1001" name="const_46">
<pin_list>
<pin id="47" dir="1" index="0" bw="1" slack="0"/>
</pin_list>
<bind>
<StgValue><ssdm name=""/></StgValue>
</bind>
</comp>

<comp id="48" class="1001" name="const_48">
<pin_list>
<pin id="49" dir="1" index="0" bw="1" slack="0"/>
</pin_list>
<bind>
<StgValue><ssdm name=""/></StgValue>
</bind>
</comp>

<comp id="50" class="1001" name="const_50">
<pin_list>
<pin id="51" dir="1" index="0" bw="1" slack="1"/>
</pin_list>
<bind>
<StgValue><ssdm name=""/></StgValue>
</bind>
</comp>

<comp id="52" class="1001" name="const_52">
<pin_list>
<pin id="53" dir="1" index="0" bw="1" slack="0"/>
</pin_list>
<bind>
<StgValue><ssdm name=""/></StgValue>
</bind>
</comp>

<comp id="54" class="1001" name="const_54">
<pin_list>
<pin id="55" dir="1" index="0" bw="1" slack="2147483647"/>
</pin_list>
<bind>
<StgValue><ssdm name="_ssdm_op_SpecLoopTripCount"/></StgValue>
</bind>
</comp>

<comp id="56" class="1001" name="const_56">
<pin_list>
<pin id="57" dir="1" index="0" bw="1" slack="2147483647"/>
</pin_list>
<bind>
<StgValue><ssdm name=""/></StgValue>
</bind>
</comp>

<comp id="58" class="1001" name="const_58">
<pin_list>
<pin id="59" dir="1" index="0" bw="1" slack="0"/>
</pin_list>
<bind>
<StgValue><ssdm name=""/></StgValue>
</bind>
</comp>

<comp id="60" class="1001" name="const_60">
<pin_list>
<pin id="61" dir="1" index="0" bw="1" slack="0"/>
</pin_list>
<bind>
<StgValue><ssdm name="_ssdm_op_PartSelect.i3.i4.i32.i32"/></StgValue>
</bind>
</comp>

<comp id="62" class="1001" name="const_62">
<pin_list>
<pin id="63" dir="1" index="0" bw="1" slack="0"/>
</pin_list>
<bind>
<StgValue><ssdm name=""/></StgValue>
</bind>
</comp>

<comp id="64" class="1001" name="const_64">
<pin_list>
<pin id="65" dir="1" index="0" bw="1" slack="0"/>
</pin_list>
<bind>
<StgValue><ssdm name=""/></StgValue>
</bind>
</comp>

<comp id="66" class="1001" name="const_66">
<pin_list>
<pin id="67" dir="1" index="0" bw="1" slack="2147483647"/>
</pin_list>
<bind>
<StgValue><ssdm name="empty_4"/></StgValue>
</bind>
</comp>

<comp id="68" class="1001" name="const_68">
<pin_list>
<pin id="69" dir="1" index="0" bw="1" slack="0"/>
</pin_list>
<bind>
<StgValue><ssdm name="_ssdm_op_PartSelect.i64.i128.i32.i32"/></StgValue>
</bind>
</comp>

<comp id="70" class="1001" name="const_70">
<pin_list>
<pin id="71" dir="1" index="0" bw="1" slack="0"/>
</pin_list>
<bind>
<StgValue><ssdm name=""/></StgValue>
</bind>
</comp>

<comp id="72" class="1001" name="const_72">
<pin_list>
<pin id="73" dir="1" index="0" bw="1" slack="0"/>
</pin_list>
<bind>
<StgValue><ssdm name=""/></StgValue>
</bind>
</comp>

<comp id="74" class="1001" name="const_74">
<pin_list>
<pin id="75" dir="1" index="0" bw="1" slack="0"/>
</pin_list>
<bind>
<StgValue><ssdm name="bfs_Pipeline_loop_neighbors"/></StgValue>
</bind>
</comp>

<comp id="76" class="1004" name="horizon_fu_76">
<pin_list>
<pin id="77" dir="0" index="0" bw="1" slack="0"/>
<pin id="78" dir="1" index="1" bw="64" slack="0"/>
</pin_list>
<bind>
<opcode="alloca(26) " fcode="alloca"/>
<opset="horizon/1 "/>
</bind>
</comp>

<comp id="80" class="1004" name="cnt_2_0_loc_fu_80">
<pin_list>
<pin id="81" dir="0" index="0" bw="1" slack="0"/>
<pin id="82" dir="1" index="1" bw="64" slack="4"/>
</pin_list>
<bind>
<opcode="alloca(26) " fcode="alloca"/>
<opset="cnt_2_0_loc/1 "/>
</bind>
</comp>

<comp id="84" class="1004" name="cnt_1_0_loc_fu_84">
<pin_list>
<pin id="85" dir="0" index="0" bw="1" slack="0"/>
<pin id="86" dir="1" index="1" bw="64" slack="4"/>
</pin_list>
<bind>
<opcode="alloca(26) " fcode="alloca"/>
<opset="cnt_1_0_loc/1 "/>
</bind>
</comp>

<comp id="88" class="1004" name="starting_node_read_read_fu_88">
<pin_list>
<pin id="89" dir="0" index="0" bw="64" slack="0"/>
<pin id="90" dir="0" index="1" bw="64" slack="0"/>
<pin id="91" dir="1" index="2" bw="64" slack="0"/>
</pin_list>
<bind>
<opcode="read(1150) " fcode="read"/>
<opset="starting_node_read/1 "/>
</bind>
</comp>

<comp id="94" class="1004" name="level_addr_gep_fu_94">
<pin_list>
<pin id="95" dir="0" index="0" bw="8" slack="0"/>
<pin id="96" dir="0" index="1" bw="1" slack="0"/>
<pin id="97" dir="0" index="2" bw="64" slack="0"/>
<pin id="98" dir="1" index="3" bw="8" slack="0"/>
</pin_list>
<bind>
<opcode="getelementptr(29) " fcode="getelementptr"/>
<opset="level_addr/1 "/>
</bind>
</comp>

<comp id="102" class="1004" name="grp_access_fu_102">
<pin_list>
<pin id="103" dir="0" index="0" bw="8" slack="0"/>
<pin id="104" dir="0" index="1" bw="8" slack="0"/>
<pin id="105" dir="0" index="2" bw="0" slack="2147483647"/>
<pin id="106" dir="1" index="3" bw="8" slack="0"/>
</pin_list>
<bind>
<opcode="load(27) store(28) " fcode="load"/>
<opset="store_ln18/1 level_load/3 "/>
</bind>
</comp>

<comp id="109" class="1004" name="level_counts_0_addr_gep_fu_109">
<pin_list>
<pin id="110" dir="0" index="0" bw="64" slack="0"/>
<pin id="111" dir="0" index="1" bw="1" slack="0"/>
<pin id="112" dir="0" index="2" bw="1" slack="0"/>
<pin id="113" dir="1" index="3" bw="3" slack="0"/>
</pin_list>
<bind>
<opcode="getelementptr(29) " fcode="getelementptr"/>
<opset="level_counts_0_addr/1 "/>
</bind>
</comp>

<comp id="117" class="1004" name="grp_access_fu_117">
<pin_list>
<pin id="118" dir="0" index="0" bw="3" slack="0"/>
<pin id="119" dir="0" index="1" bw="64" slack="0"/>
<pin id="120" dir="0" index="2" bw="0" slack="2147483647"/>
<pin id="121" dir="1" index="3" bw="64" slack="2147483647"/>
</pin_list>
<bind>
<opcode="store(28) " fcode="store"/>
<opset="store_ln19/1 store_ln39/3 "/>
</bind>
</comp>

<comp id="124" class="1004" name="level_addr_1_gep_fu_124">
<pin_list>
<pin id="125" dir="0" index="0" bw="8" slack="0"/>
<pin id="126" dir="0" index="1" bw="1" slack="0"/>
<pin id="127" dir="0" index="2" bw="9" slack="0"/>
<pin id="128" dir="1" index="3" bw="8" slack="0"/>
</pin_list>
<bind>
<opcode="getelementptr(29) " fcode="getelementptr"/>
<opset="level_addr_1/3 "/>
</bind>
</comp>

<comp id="132" class="1004" name="level_counts_1_addr_gep_fu_132">
<pin_list>
<pin id="133" dir="0" index="0" bw="64" slack="0"/>
<pin id="134" dir="0" index="1" bw="1" slack="0"/>
<pin id="135" dir="0" index="2" bw="3" slack="0"/>
<pin id="136" dir="1" index="3" bw="3" slack="0"/>
</pin_list>
<bind>
<opcode="getelementptr(29) " fcode="getelementptr"/>
<opset="level_counts_1_addr/3 "/>
</bind>
</comp>

<comp id="139" class="1004" name="store_ln39_access_fu_139">
<pin_list>
<pin id="140" dir="0" index="0" bw="3" slack="0"/>
<pin id="141" dir="0" index="1" bw="64" slack="0"/>
<pin id="142" dir="0" index="2" bw="0" slack="2147483647"/>
<pin id="143" dir="1" index="3" bw="64" slack="2147483647"/>
</pin_list>
<bind>
<opcode="store(28) " fcode="store"/>
<opset="store_ln39/3 "/>
</bind>
</comp>

<comp id="145" class="1004" name="level_counts_0_addr_1_gep_fu_145">
<pin_list>
<pin id="146" dir="0" index="0" bw="64" slack="0"/>
<pin id="147" dir="0" index="1" bw="1" slack="0"/>
<pin id="148" dir="0" index="2" bw="3" slack="0"/>
<pin id="149" dir="1" index="3" bw="3" slack="0"/>
</pin_list>
<bind>
<opcode="getelementptr(29) " fcode="getelementptr"/>
<opset="level_counts_0_addr_1/3 "/>
</bind>
</comp>

<comp id="153" class="1004" name="nodes_addr_gep_fu_153">
<pin_list>
<pin id="154" dir="0" index="0" bw="128" slack="0"/>
<pin id="155" dir="0" index="1" bw="1" slack="0"/>
<pin id="156" dir="0" index="2" bw="9" slack="1"/>
<pin id="157" dir="1" index="3" bw="8" slack="0"/>
</pin_list>
<bind>
<opcode="getelementptr(29) " fcode="getelementptr"/>
<opset="nodes_addr/4 "/>
</bind>
</comp>

<comp id="160" class="1004" name="grp_access_fu_160">
<pin_list>
<pin id="161" dir="0" index="0" bw="8" slack="0"/>
<pin id="162" dir="0" index="1" bw="128" slack="2147483647"/>
<pin id="163" dir="0" index="2" bw="0" slack="2147483647"/>
<pin id="164" dir="1" index="3" bw="128" slack="0"/>
</pin_list>
<bind>
<opcode="load(27) " fcode="load"/>
<opset="nodes_load/4 "/>
</bind>
</comp>

<comp id="166" class="1005" name="cnt_reg_166">
<pin_list>
<pin id="167" dir="0" index="0" bw="64" slack="1"/>
<pin id="168" dir="1" index="1" bw="64" slack="1"/>
</pin_list>
<bind>
<opset="cnt (phireg) "/>
</bind>
</comp>

<comp id="170" class="1004" name="cnt_phi_fu_170">
<pin_list>
<pin id="171" dir="0" index="0" bw="1" slack="1"/>
<pin id="172" dir="0" index="1" bw="0" slack="2147483647"/>
<pin id="173" dir="0" index="2" bw="64" slack="1"/>
<pin id="174" dir="0" index="3" bw="0" slack="2147483647"/>
<pin id="175" dir="1" index="4" bw="64" slack="0"/>
</pin_list>
<bind>
<opcode="phi(47) " fcode="phi"/>
<opset="cnt/3 "/>
</bind>
</comp>

<comp id="180" class="1005" name="n_reg_180">
<pin_list>
<pin id="181" dir="0" index="0" bw="9" slack="1"/>
<pin id="182" dir="1" index="1" bw="9" slack="1"/>
</pin_list>
<bind>
<opset="n (phireg) "/>
</bind>
</comp>

<comp id="184" class="1004" name="n_phi_fu_184">
<pin_list>
<pin id="185" dir="0" index="0" bw="1" slack="1"/>
<pin id="186" dir="0" index="1" bw="0" slack="2147483647"/>
<pin id="187" dir="0" index="2" bw="9" slack="0"/>
<pin id="188" dir="0" index="3" bw="0" slack="2147483647"/>
<pin id="189" dir="1" index="4" bw="9" slack="0"/>
</pin_list>
<bind>
<opcode="phi(47) " fcode="phi"/>
<opset="n/3 "/>
</bind>
</comp>

<comp id="191" class="1005" name="cnt_1_reg_191">
<pin_list>
<pin id="192" dir="0" index="0" bw="64" slack="1"/>
<pin id="193" dir="1" index="1" bw="64" slack="1"/>
</pin_list>
<bind>
<opset="cnt_1 (phireg) "/>
</bind>
</comp>

<comp id="195" class="1004" name="cnt_1_phi_fu_195">
<pin_list>
<pin id="196" dir="0" index="0" bw="64" slack="0"/>
<pin id="197" dir="0" index="1" bw="0" slack="2147483647"/>
<pin id="198" dir="0" index="2" bw="64" slack="4"/>
<pin id="199" dir="0" index="3" bw="0" slack="2147483647"/>
<pin id="200" dir="0" index="4" bw="64" slack="4"/>
<pin id="201" dir="0" index="5" bw="0" slack="2147483647"/>
<pin id="202" dir="1" index="6" bw="64" slack="1"/>
</pin_list>
<bind>
<opcode="phi(47) " fcode="phi"/>
<opset="cnt_1/7 "/>
</bind>
</comp>

<comp id="206" class="1004" name="grp_bfs_Pipeline_loop_neighbors_fu_206">
<pin_list>
<pin id="207" dir="0" index="0" bw="1" slack="0"/>
<pin id="208" dir="0" index="1" bw="64" slack="2"/>
<pin id="209" dir="0" index="2" bw="64" slack="0"/>
<pin id="210" dir="0" index="3" bw="64" slack="0"/>
<pin id="211" dir="0" index="4" bw="64" slack="0"/>
<pin id="212" dir="0" index="5" bw="64" slack="0"/>
<pin id="213" dir="0" index="6" bw="8" slack="0"/>
<pin id="214" dir="0" index="7" bw="8" slack="3"/>
<pin id="215" dir="0" index="8" bw="64" slack="4"/>
<pin id="216" dir="0" index="9" bw="64" slack="4"/>
<pin id="217" dir="1" index="10" bw="1" slack="1"/>
</pin_list>
<bind>
<opcode="call(48) " fcode="call"/>
<opset="targetBlock/5 "/>
</bind>
</comp>

<comp id="223" class="1004" name="store_ln21_store_fu_223">
<pin_list>
<pin id="224" dir="0" index="0" bw="1" slack="0"/>
<pin id="225" dir="0" index="1" bw="64" slack="0"/>
<pin id="226" dir="1" index="2" bw="0" slack="2147483647"/>
</pin_list>
<bind>
<opcode="store(28) " fcode="store"/>
<opset="store_ln21/1 "/>
</bind>
</comp>

<comp id="228" class="1004" name="horizon_1_load_fu_228">
<pin_list>
<pin id="229" dir="0" index="0" bw="64" slack="1"/>
<pin id="230" dir="1" index="1" bw="64" slack="0"/>
</pin_list>
<bind>
<opcode="load(27) " fcode="load"/>
<opset="horizon_1/2 "/>
</bind>
</comp>

<comp id="231" class="1004" name="trunc_ln21_fu_231">
<pin_list>
<pin id="232" dir="0" index="0" bw="64" slack="0"/>
<pin id="233" dir="1" index="1" bw="8" slack="0"/>
</pin_list>
<bind>
<opcode="trunc(33) " fcode="trunc"/>
<opset="trunc_ln21/2 "/>
</bind>
</comp>

<comp id="235" class="1004" name="trunc_ln21_1_fu_235">
<pin_list>
<pin id="236" dir="0" index="0" bw="64" slack="0"/>
<pin id="237" dir="1" index="1" bw="4" slack="0"/>
</pin_list>
<bind>
<opcode="trunc(33) " fcode="trunc"/>
<opset="trunc_ln21_1/2 "/>
</bind>
</comp>

<comp id="239" class="1004" name="add_ln21_fu_239">
<pin_list>
<pin id="240" dir="0" index="0" bw="64" slack="0"/>
<pin id="241" dir="0" index="1" bw="1" slack="0"/>
<pin id="242" dir="1" index="2" bw="64" slack="1"/>
</pin_list>
<bind>
<opcode="add(8) " fcode="add"/>
<opset="add_ln21/2 "/>
</bind>
</comp>

<comp id="245" class="1004" name="add_ln21_cast_fu_245">
<pin_list>
<pin id="246" dir="0" index="0" bw="4" slack="0"/>
<pin id="247" dir="0" index="1" bw="1" slack="0"/>
<pin id="248" dir="1" index="2" bw="4" slack="1"/>
</pin_list>
<bind>
<opcode="add(8) " fcode="add"/>
<opset="add_ln21_cast/2 "/>
</bind>
</comp>

<comp id="251" class="1004" name="empty_fu_251">
<pin_list>
<pin id="252" dir="0" index="0" bw="8" slack="0"/>
<pin id="253" dir="0" index="1" bw="1" slack="0"/>
<pin id="254" dir="1" index="2" bw="8" slack="3"/>
</pin_list>
<bind>
<opcode="add(8) " fcode="add"/>
<opset="empty/2 "/>
</bind>
</comp>

<comp id="257" class="1004" name="icmp_ln24_fu_257">
<pin_list>
<pin id="258" dir="0" index="0" bw="9" slack="0"/>
<pin id="259" dir="0" index="1" bw="9" slack="0"/>
<pin id="260" dir="1" index="2" bw="1" slack="2147483647"/>
</pin_list>
<bind>
<opcode="icmp(45) " fcode="icmp"/>
<opset="icmp_ln24/3 "/>
</bind>
</comp>

<comp id="263" class="1004" name="n_1_fu_263">
<pin_list>
<pin id="264" dir="0" index="0" bw="9" slack="0"/>
<pin id="265" dir="0" index="1" bw="1" slack="0"/>
<pin id="266" dir="1" index="2" bw="9" slack="0"/>
</pin_list>
<bind>
<opcode="add(8) " fcode="add"/>
<opset="n_1/3 "/>
</bind>
</comp>

<comp id="269" class="1004" name="zext_ln24_fu_269">
<pin_list>
<pin id="270" dir="0" index="0" bw="9" slack="0"/>
<pin id="271" dir="1" index="1" bw="64" slack="0"/>
</pin_list>
<bind>
<opcode="zext(34) " fcode="zext"/>
<opset="zext_ln24/3 "/>
</bind>
</comp>

<comp id="274" class="1004" name="trunc_ln39_fu_274">
<pin_list>
<pin id="275" dir="0" index="0" bw="64" slack="2147483647"/>
<pin id="276" dir="1" index="1" bw="1" slack="2147483647"/>
</pin_list>
<bind>
<opcode="trunc(33) " fcode="trunc"/>
<opset="trunc_ln39/3 "/>
</bind>
</comp>

<comp id="277" class="1004" name="lshr_ln_fu_277">
<pin_list>
<pin id="278" dir="0" index="0" bw="3" slack="0"/>
<pin id="279" dir="0" index="1" bw="4" slack="1"/>
<pin id="280" dir="0" index="2" bw="1" slack="0"/>
<pin id="281" dir="0" index="3" bw="3" slack="0"/>
<pin id="282" dir="1" index="4" bw="3" slack="0"/>
</pin_list>
<bind>
<opcode="partselect(1002) " fcode="partselect"/>
<opset="lshr_ln/3 "/>
</bind>
</comp>

<comp id="286" class="1004" name="zext_ln39_fu_286">
<pin_list>
<pin id="287" dir="0" index="0" bw="3" slack="0"/>
<pin id="288" dir="1" index="1" bw="64" slack="0"/>
</pin_list>
<bind>
<opcode="zext(34) " fcode="zext"/>
<opset="zext_ln39/3 "/>
</bind>
</comp>

<comp id="292" class="1004" name="icmp_ln39_fu_292">
<pin_list>
<pin id="293" dir="0" index="0" bw="64" slack="0"/>
<pin id="294" dir="0" index="1" bw="64" slack="0"/>
<pin id="295" dir="1" index="2" bw="1" slack="0"/>
</pin_list>
<bind>
<opcode="icmp(45) " fcode="icmp"/>
<opset="icmp_ln39/3 "/>
</bind>
</comp>

<comp id="298" class="1004" name="icmp_ln21_fu_298">
<pin_list>
<pin id="299" dir="0" index="0" bw="64" slack="1"/>
<pin id="300" dir="0" index="1" bw="64" slack="0"/>
<pin id="301" dir="1" index="2" bw="1" slack="0"/>
</pin_list>
<bind>
<opcode="icmp(45) " fcode="icmp"/>
<opset="icmp_ln21/3 "/>
</bind>
</comp>

<comp id="303" class="1004" name="and_ln39_fu_303">
<pin_list>
<pin id="304" dir="0" index="0" bw="1" slack="0"/>
<pin id="305" dir="0" index="1" bw="1" slack="0"/>
<pin id="306" dir="1" index="2" bw="1" slack="2147483647"/>
</pin_list>
<bind>
<opcode="and(23) " fcode="and"/>
<opset="and_ln39/3 "/>
</bind>
</comp>

<comp id="309" class="1004" name="store_ln39_store_fu_309">
<pin_list>
<pin id="310" dir="0" index="0" bw="64" slack="1"/>
<pin id="311" dir="0" index="1" bw="64" slack="2"/>
<pin id="312" dir="1" index="2" bw="0" slack="2147483647"/>
</pin_list>
<bind>
<opcode="store(28) " fcode="store"/>
<opset="store_ln39/3 "/>
</bind>
</comp>

<comp id="313" class="1004" name="sext_ln25_fu_313">
<pin_list>
<pin id="314" dir="0" index="0" bw="8" slack="0"/>
<pin id="315" dir="1" index="1" bw="32" slack="0"/>
</pin_list>
<bind>
<opcode="sext(35) " fcode="sext"/>
<opset="sext_ln25/4 "/>
</bind>
</comp>

<comp id="317" class="1004" name="zext_ln25_fu_317">
<pin_list>
<pin id="318" dir="0" index="0" bw="8" slack="0"/>
<pin id="319" dir="1" index="1" bw="64" slack="0"/>
</pin_list>
<bind>
<opcode="zext(34) " fcode="zext"/>
<opset="zext_ln25/4 "/>
</bind>
</comp>

<comp id="321" class="1004" name="icmp_ln25_fu_321">
<pin_list>
<pin id="322" dir="0" index="0" bw="64" slack="0"/>
<pin id="323" dir="0" index="1" bw="64" slack="2"/>
<pin id="324" dir="1" index="2" bw="1" slack="3"/>
</pin_list>
<bind>
<opcode="icmp(45) " fcode="icmp"/>
<opset="icmp_ln25/4 "/>
</bind>
</comp>

<comp id="326" class="1004" name="tmp_begin_fu_326">
<pin_list>
<pin id="327" dir="0" index="0" bw="128" slack="0"/>
<pin id="328" dir="1" index="1" bw="64" slack="0"/>
</pin_list>
<bind>
<opcode="trunc(33) " fcode="trunc"/>
<opset="tmp_begin/5 "/>
</bind>
</comp>

<comp id="331" class="1004" name="tmp_end_fu_331">
<pin_list>
<pin id="332" dir="0" index="0" bw="64" slack="0"/>
<pin id="333" dir="0" index="1" bw="128" slack="0"/>
<pin id="334" dir="0" index="2" bw="8" slack="0"/>
<pin id="335" dir="0" index="3" bw="8" slack="0"/>
<pin id="336" dir="1" index="4" bw="64" slack="0"/>
</pin_list>
<bind>
<opcode="partselect(1002) " fcode="partselect"/>
<opset="tmp_end/5 "/>
</bind>
</comp>

<comp id="342" class="1004" name="icmp_ln28_fu_342">
<pin_list>
<pin id="343" dir="0" index="0" bw="64" slack="0"/>
<pin id="344" dir="0" index="1" bw="64" slack="0"/>
<pin id="345" dir="1" index="2" bw="1" slack="2"/>
</pin_list>
<bind>
<opcode="icmp(45) " fcode="icmp"/>
<opset="icmp_ln28/5 "/>
</bind>
</comp>

<comp id="348" class="1004" name="cnt_1_0_loc_load_load_fu_348">
<pin_list>
<pin id="349" dir="0" index="0" bw="64" slack="6"/>
<pin id="350" dir="1" index="1" bw="64" slack="0"/>
</pin_list>
<bind>
<opcode="load(27) " fcode="load"/>
<opset="cnt_1_0_loc_load/7 "/>
</bind>
</comp>

<comp id="351" class="1004" name="cnt_2_0_loc_load_load_fu_351">
<pin_list>
<pin id="352" dir="0" index="0" bw="64" slack="6"/>
<pin id="353" dir="1" index="1" bw="64" slack="0"/>
</pin_list>
<bind>
<opcode="load(27) " fcode="load"/>
<opset="cnt_2_0_loc_load/7 "/>
</bind>
</comp>

<comp id="354" class="1004" name="select_ln28_fu_354">
<pin_list>
<pin id="355" dir="0" index="0" bw="1" slack="1"/>
<pin id="356" dir="0" index="1" bw="64" slack="0"/>
<pin id="357" dir="0" index="2" bw="64" slack="0"/>
<pin id="358" dir="1" index="3" bw="64" slack="0"/>
</pin_list>
<bind>
<opcode="select(49) " fcode="select"/>
<opset="select_ln28/7 "/>
</bind>
</comp>

<comp id="362" class="1005" name="horizon_reg_362">
<pin_list>
<pin id="363" dir="0" index="0" bw="64" slack="0"/>
<pin id="364" dir="1" index="1" bw="64" slack="0"/>
</pin_list>
<bind>
<opset="horizon "/>
</bind>
</comp>

<comp id="369" class="1005" name="cnt_2_0_loc_reg_369">
<pin_list>
<pin id="370" dir="0" index="0" bw="64" slack="4"/>
<pin id="371" dir="1" index="1" bw="64" slack="4"/>
</pin_list>
<bind>
<opset="cnt_2_0_loc "/>
</bind>
</comp>

<comp id="375" class="1005" name="cnt_1_0_loc_reg_375">
<pin_list>
<pin id="376" dir="0" index="0" bw="64" slack="4"/>
<pin id="377" dir="1" index="1" bw="64" slack="4"/>
</pin_list>
<bind>
<opset="cnt_1_0_loc "/>
</bind>
</comp>

<comp id="381" class="1005" name="horizon_1_reg_381">
<pin_list>
<pin id="382" dir="0" index="0" bw="64" slack="2"/>
<pin id="383" dir="1" index="1" bw="64" slack="2"/>
</pin_list>
<bind>
<opset="horizon_1 "/>
</bind>
</comp>

<comp id="386" class="1005" name="add_ln21_reg_386">
<pin_list>
<pin id="387" dir="0" index="0" bw="64" slack="1"/>
<pin id="388" dir="1" index="1" bw="64" slack="1"/>
</pin_list>
<bind>
<opset="add_ln21 "/>
</bind>
</comp>

<comp id="392" class="1005" name="add_ln21_cast_reg_392">
<pin_list>
<pin id="393" dir="0" index="0" bw="4" slack="1"/>
<pin id="394" dir="1" index="1" bw="4" slack="1"/>
</pin_list>
<bind>
<opset="add_ln21_cast "/>
</bind>
</comp>

<comp id="397" class="1005" name="empty_reg_397">
<pin_list>
<pin id="398" dir="0" index="0" bw="8" slack="3"/>
<pin id="399" dir="1" index="1" bw="8" slack="3"/>
</pin_list>
<bind>
<opset="empty "/>
</bind>
</comp>

<comp id="405" class="1005" name="n_1_reg_405">
<pin_list>
<pin id="406" dir="0" index="0" bw="9" slack="0"/>
<pin id="407" dir="1" index="1" bw="9" slack="0"/>
</pin_list>
<bind>
<opset="n_1 "/>
</bind>
</comp>

<comp id="410" class="1005" name="zext_ln24_reg_410">
<pin_list>
<pin id="411" dir="0" index="0" bw="64" slack="1"/>
<pin id="412" dir="1" index="1" bw="64" slack="1"/>
</pin_list>
<bind>
<opset="zext_ln24 "/>
</bind>
</comp>

<comp id="415" class="1005" name="level_addr_1_reg_415">
<pin_list>
<pin id="416" dir="0" index="0" bw="8" slack="1"/>
<pin id="417" dir="1" index="1" bw="8" slack="1"/>
</pin_list>
<bind>
<opset="level_addr_1 "/>
</bind>
</comp>

<comp id="426" class="1005" name="icmp_ln25_reg_426">
<pin_list>
<pin id="427" dir="0" index="0" bw="1" slack="3"/>
<pin id="428" dir="1" index="1" bw="1" slack="2147483647"/>
</pin_list>
<bind>
<opset="icmp_ln25 "/>
</bind>
</comp>

<comp id="430" class="1005" name="nodes_addr_reg_430">
<pin_list>
<pin id="431" dir="0" index="0" bw="8" slack="1"/>
<pin id="432" dir="1" index="1" bw="8" slack="1"/>
</pin_list>
<bind>
<opset="nodes_addr "/>
</bind>
</comp>

<comp id="435" class="1005" name="tmp_begin_reg_435">
<pin_list>
<pin id="436" dir="0" index="0" bw="64" slack="1"/>
<pin id="437" dir="1" index="1" bw="64" slack="1"/>
</pin_list>
<bind>
<opset="tmp_begin "/>
</bind>
</comp>

<comp id="440" class="1005" name="tmp_end_reg_440">
<pin_list>
<pin id="441" dir="0" index="0" bw="64" slack="1"/>
<pin id="442" dir="1" index="1" bw="64" slack="1"/>
</pin_list>
<bind>
<opset="tmp_end "/>
</bind>
</comp>

<comp id="445" class="1005" name="icmp_ln28_reg_445">
<pin_list>
<pin id="446" dir="0" index="0" bw="1" slack="2"/>
<pin id="447" dir="1" index="1" bw="1" slack="2147483647"/>
</pin_list>
<bind>
<opset="icmp_ln28 "/>
</bind>
</comp>

<comp id="449" class="1005" name="targetBlock_reg_449">
<pin_list>
<pin id="450" dir="0" index="0" bw="1" slack="1"/>
<pin id="451" dir="1" index="1" bw="1" slack="1"/>
</pin_list>
<bind>
<opset="targetBlock "/>
</bind>
</comp>

</comp_list>

<net_list>
<net id="79"><net_src comp="14" pin="0"/><net_sink comp="76" pin=0"/></net>

<net id="83"><net_src comp="18" pin="0"/><net_sink comp="80" pin=0"/></net>

<net id="87"><net_src comp="18" pin="0"/><net_sink comp="84" pin=0"/></net>

<net id="92"><net_src comp="16" pin="0"/><net_sink comp="88" pin=0"/></net>

<net id="93"><net_src comp="6" pin="0"/><net_sink comp="88" pin=1"/></net>

<net id="99"><net_src comp="8" pin="0"/><net_sink comp="94" pin=0"/></net>

<net id="100"><net_src comp="38" pin="0"/><net_sink comp="94" pin=1"/></net>

<net id="101"><net_src comp="88" pin="2"/><net_sink comp="94" pin=2"/></net>

<net id="107"><net_src comp="40" pin="0"/><net_sink comp="102" pin=1"/></net>

<net id="108"><net_src comp="94" pin="3"/><net_sink comp="102" pin=0"/></net>

<net id="114"><net_src comp="10" pin="0"/><net_sink comp="109" pin=0"/></net>

<net id="115"><net_src comp="38" pin="0"/><net_sink comp="109" pin=1"/></net>

<net id="116"><net_src comp="38" pin="0"/><net_sink comp="109" pin=2"/></net>

<net id="122"><net_src comp="18" pin="0"/><net_sink comp="117" pin=1"/></net>

<net id="123"><net_src comp="109" pin="3"/><net_sink comp="117" pin=0"/></net>

<net id="129"><net_src comp="8" pin="0"/><net_sink comp="124" pin=0"/></net>

<net id="130"><net_src comp="38" pin="0"/><net_sink comp="124" pin=1"/></net>

<net id="131"><net_src comp="124" pin="3"/><net_sink comp="102" pin=0"/></net>

<net id="137"><net_src comp="12" pin="0"/><net_sink comp="132" pin=0"/></net>

<net id="138"><net_src comp="38" pin="0"/><net_sink comp="132" pin=1"/></net>

<net id="144"><net_src comp="132" pin="3"/><net_sink comp="139" pin=0"/></net>

<net id="150"><net_src comp="10" pin="0"/><net_sink comp="145" pin=0"/></net>

<net id="151"><net_src comp="38" pin="0"/><net_sink comp="145" pin=1"/></net>

<net id="152"><net_src comp="145" pin="3"/><net_sink comp="117" pin=0"/></net>

<net id="158"><net_src comp="0" pin="0"/><net_sink comp="153" pin=0"/></net>

<net id="159"><net_src comp="38" pin="0"/><net_sink comp="153" pin=1"/></net>

<net id="165"><net_src comp="153" pin="3"/><net_sink comp="160" pin=0"/></net>

<net id="169"><net_src comp="38" pin="0"/><net_sink comp="166" pin=0"/></net>

<net id="176"><net_src comp="166" pin="1"/><net_sink comp="170" pin=0"/></net>

<net id="177"><net_src comp="170" pin="4"/><net_sink comp="139" pin=1"/></net>

<net id="178"><net_src comp="170" pin="4"/><net_sink comp="117" pin=1"/></net>

<net id="179"><net_src comp="170" pin="4"/><net_sink comp="166" pin=0"/></net>

<net id="183"><net_src comp="50" pin="0"/><net_sink comp="180" pin=0"/></net>

<net id="190"><net_src comp="180" pin="1"/><net_sink comp="184" pin=0"/></net>

<net id="194"><net_src comp="191" pin="1"/><net_sink comp="170" pin=2"/></net>

<net id="203"><net_src comp="166" pin="1"/><net_sink comp="195" pin=2"/></net>

<net id="204"><net_src comp="166" pin="1"/><net_sink comp="195" pin=4"/></net>

<net id="205"><net_src comp="195" pin="6"/><net_sink comp="191" pin=0"/></net>

<net id="218"><net_src comp="74" pin="0"/><net_sink comp="206" pin=0"/></net>

<net id="219"><net_src comp="166" pin="1"/><net_sink comp="206" pin=1"/></net>

<net id="220"><net_src comp="2" pin="0"/><net_sink comp="206" pin=4"/></net>

<net id="221"><net_src comp="4" pin="0"/><net_sink comp="206" pin=5"/></net>

<net id="222"><net_src comp="8" pin="0"/><net_sink comp="206" pin=6"/></net>

<net id="227"><net_src comp="38" pin="0"/><net_sink comp="223" pin=0"/></net>

<net id="234"><net_src comp="228" pin="1"/><net_sink comp="231" pin=0"/></net>

<net id="238"><net_src comp="228" pin="1"/><net_sink comp="235" pin=0"/></net>

<net id="243"><net_src comp="228" pin="1"/><net_sink comp="239" pin=0"/></net>

<net id="244"><net_src comp="18" pin="0"/><net_sink comp="239" pin=1"/></net>

<net id="249"><net_src comp="235" pin="1"/><net_sink comp="245" pin=0"/></net>

<net id="250"><net_src comp="46" pin="0"/><net_sink comp="245" pin=1"/></net>

<net id="255"><net_src comp="231" pin="1"/><net_sink comp="251" pin=0"/></net>

<net id="256"><net_src comp="48" pin="0"/><net_sink comp="251" pin=1"/></net>

<net id="261"><net_src comp="184" pin="4"/><net_sink comp="257" pin=0"/></net>

<net id="262"><net_src comp="52" pin="0"/><net_sink comp="257" pin=1"/></net>

<net id="267"><net_src comp="184" pin="4"/><net_sink comp="263" pin=0"/></net>

<net id="268"><net_src comp="58" pin="0"/><net_sink comp="263" pin=1"/></net>

<net id="272"><net_src comp="184" pin="4"/><net_sink comp="269" pin=0"/></net>

<net id="273"><net_src comp="269" pin="1"/><net_sink comp="124" pin=2"/></net>

<net id="283"><net_src comp="60" pin="0"/><net_sink comp="277" pin=0"/></net>

<net id="284"><net_src comp="14" pin="0"/><net_sink comp="277" pin=2"/></net>

<net id="285"><net_src comp="62" pin="0"/><net_sink comp="277" pin=3"/></net>

<net id="289"><net_src comp="277" pin="4"/><net_sink comp="286" pin=0"/></net>

<net id="290"><net_src comp="286" pin="1"/><net_sink comp="132" pin=2"/></net>

<net id="291"><net_src comp="286" pin="1"/><net_sink comp="145" pin=2"/></net>

<net id="296"><net_src comp="170" pin="4"/><net_sink comp="292" pin=0"/></net>

<net id="297"><net_src comp="38" pin="0"/><net_sink comp="292" pin=1"/></net>

<net id="302"><net_src comp="64" pin="0"/><net_sink comp="298" pin=1"/></net>

<net id="307"><net_src comp="292" pin="2"/><net_sink comp="303" pin=0"/></net>

<net id="308"><net_src comp="298" pin="2"/><net_sink comp="303" pin=1"/></net>

<net id="316"><net_src comp="102" pin="3"/><net_sink comp="313" pin=0"/></net>

<net id="320"><net_src comp="313" pin="1"/><net_sink comp="317" pin=0"/></net>

<net id="325"><net_src comp="317" pin="1"/><net_sink comp="321" pin=0"/></net>

<net id="329"><net_src comp="160" pin="3"/><net_sink comp="326" pin=0"/></net>

<net id="330"><net_src comp="326" pin="1"/><net_sink comp="206" pin=2"/></net>

<net id="337"><net_src comp="68" pin="0"/><net_sink comp="331" pin=0"/></net>

<net id="338"><net_src comp="160" pin="3"/><net_sink comp="331" pin=1"/></net>

<net id="339"><net_src comp="70" pin="0"/><net_sink comp="331" pin=2"/></net>

<net id="340"><net_src comp="72" pin="0"/><net_sink comp="331" pin=3"/></net>

<net id="341"><net_src comp="331" pin="4"/><net_sink comp="206" pin=3"/></net>

<net id="346"><net_src comp="326" pin="1"/><net_sink comp="342" pin=0"/></net>

<net id="347"><net_src comp="331" pin="4"/><net_sink comp="342" pin=1"/></net>

<net id="359"><net_src comp="348" pin="1"/><net_sink comp="354" pin=1"/></net>

<net id="360"><net_src comp="351" pin="1"/><net_sink comp="354" pin=2"/></net>

<net id="361"><net_src comp="354" pin="3"/><net_sink comp="195" pin=0"/></net>

<net id="365"><net_src comp="76" pin="1"/><net_sink comp="362" pin=0"/></net>

<net id="366"><net_src comp="362" pin="1"/><net_sink comp="223" pin=1"/></net>

<net id="367"><net_src comp="362" pin="1"/><net_sink comp="228" pin=0"/></net>

<net id="368"><net_src comp="362" pin="1"/><net_sink comp="309" pin=1"/></net>

<net id="372"><net_src comp="80" pin="1"/><net_sink comp="369" pin=0"/></net>

<net id="373"><net_src comp="369" pin="1"/><net_sink comp="206" pin=9"/></net>

<net id="374"><net_src comp="369" pin="1"/><net_sink comp="351" pin=0"/></net>

<net id="378"><net_src comp="84" pin="1"/><net_sink comp="375" pin=0"/></net>

<net id="379"><net_src comp="375" pin="1"/><net_sink comp="206" pin=8"/></net>

<net id="380"><net_src comp="375" pin="1"/><net_sink comp="348" pin=0"/></net>

<net id="384"><net_src comp="228" pin="1"/><net_sink comp="381" pin=0"/></net>

<net id="385"><net_src comp="381" pin="1"/><net_sink comp="321" pin=1"/></net>

<net id="389"><net_src comp="239" pin="2"/><net_sink comp="386" pin=0"/></net>

<net id="390"><net_src comp="386" pin="1"/><net_sink comp="298" pin=0"/></net>

<net id="391"><net_src comp="386" pin="1"/><net_sink comp="309" pin=0"/></net>

<net id="395"><net_src comp="245" pin="2"/><net_sink comp="392" pin=0"/></net>

<net id="396"><net_src comp="392" pin="1"/><net_sink comp="277" pin=1"/></net>

<net id="400"><net_src comp="251" pin="2"/><net_sink comp="397" pin=0"/></net>

<net id="401"><net_src comp="397" pin="1"/><net_sink comp="206" pin=7"/></net>

<net id="408"><net_src comp="263" pin="2"/><net_sink comp="405" pin=0"/></net>

<net id="409"><net_src comp="405" pin="1"/><net_sink comp="184" pin=2"/></net>

<net id="413"><net_src comp="269" pin="1"/><net_sink comp="410" pin=0"/></net>

<net id="414"><net_src comp="410" pin="1"/><net_sink comp="153" pin=2"/></net>

<net id="418"><net_src comp="124" pin="3"/><net_sink comp="415" pin=0"/></net>

<net id="419"><net_src comp="415" pin="1"/><net_sink comp="102" pin=0"/></net>

<net id="429"><net_src comp="321" pin="2"/><net_sink comp="426" pin=0"/></net>

<net id="433"><net_src comp="153" pin="3"/><net_sink comp="430" pin=0"/></net>

<net id="434"><net_src comp="430" pin="1"/><net_sink comp="160" pin=0"/></net>

<net id="438"><net_src comp="326" pin="1"/><net_sink comp="435" pin=0"/></net>

<net id="439"><net_src comp="435" pin="1"/><net_sink comp="206" pin=2"/></net>

<net id="443"><net_src comp="331" pin="4"/><net_sink comp="440" pin=0"/></net>

<net id="444"><net_src comp="440" pin="1"/><net_sink comp="206" pin=3"/></net>

<net id="448"><net_src comp="342" pin="2"/><net_sink comp="445" pin=0"/></net>

<net id="452"><net_src comp="206" pin="10"/><net_sink comp="449" pin=0"/></net>

<net id="453"><net_src comp="449" pin="1"/><net_sink comp="354" pin=0"/></net>

</net_list>

</model> 
---------------- Datapath Model END ------------------

* FSMD analyzer results:
  - Output states:
	Port: level | {1 5 6 }
	Port: level_counts_0 | {1 3 }
	Port: level_counts_1 | {3 }
 - Input state : 
	Port: bfs : nodes | {4 5 }
	Port: bfs : edges_0 | {5 6 }
	Port: bfs : edges_1 | {5 6 }
	Port: bfs : starting_node | {1 }
	Port: bfs : level | {3 4 5 6 }
  - Chain level:
	State 1
		store_ln18 : 1
		store_ln19 : 1
		store_ln21 : 1
	State 2
		trunc_ln21 : 1
		trunc_ln21_1 : 1
		add_ln21 : 1
		add_ln21_cast : 2
		empty : 2
	State 3
		icmp_ln24 : 1
		n_1 : 1
		br_ln24 : 2
		zext_ln24 : 1
		level_addr_1 : 2
		level_load : 3
		zext_ln39 : 1
		br_ln39 : 1
		level_counts_1_addr : 2
		store_ln39 : 3
		level_counts_0_addr_1 : 2
		store_ln39 : 3
		icmp_ln39 : 1
		and_ln39 : 2
		br_ln39 : 2
	State 4
		sext_ln25 : 1
		zext_ln25 : 2
		icmp_ln25 : 3
		br_ln25 : 4
		nodes_load : 1
	State 5
		tmp_begin : 1
		tmp_end : 1
		icmp_ln28 : 2
		br_ln28 : 3
		targetBlock : 2
	State 6
	State 7
		select_ln28 : 1
		cnt_1 : 2


============================================================
+ Verbose Summary: Datapath Resource usage 
============================================================

* Functional unit list:
|----------|----------------------------------------|---------|---------|---------|
| Operation|             Functional Unit            |  Delay  |    FF   |   LUT   |
|----------|----------------------------------------|---------|---------|---------|
|   call   | grp_bfs_Pipeline_loop_neighbors_fu_206 | 4.23414 |   584   |   441   |
|----------|----------------------------------------|---------|---------|---------|
|          |            icmp_ln24_fu_257            |    0    |    0    |    11   |
|          |            icmp_ln39_fu_292            |    0    |    0    |    29   |
|   icmp   |            icmp_ln21_fu_298            |    0    |    0    |    29   |
|          |            icmp_ln25_fu_321            |    0    |    0    |    29   |
|          |            icmp_ln28_fu_342            |    0    |    0    |    29   |
|----------|----------------------------------------|---------|---------|---------|
|          |             add_ln21_fu_239            |    0    |    0    |    71   |
|    add   |          add_ln21_cast_fu_245          |    0    |    0    |    13   |
|          |              empty_fu_251              |    0    |    0    |    15   |
|          |               n_1_fu_263               |    0    |    0    |    16   |
|----------|----------------------------------------|---------|---------|---------|
|  select  |           select_ln28_fu_354           |    0    |    0    |    64   |
|----------|----------------------------------------|---------|---------|---------|
|    and   |             and_ln39_fu_303            |    0    |    0    |    2    |
|----------|----------------------------------------|---------|---------|---------|
|   read   |      starting_node_read_read_fu_88     |    0    |    0    |    0    |
|----------|----------------------------------------|---------|---------|---------|
|          |            trunc_ln21_fu_231           |    0    |    0    |    0    |
|   trunc  |           trunc_ln21_1_fu_235          |    0    |    0    |    0    |
|          |            trunc_ln39_fu_274           |    0    |    0    |    0    |
|          |            tmp_begin_fu_326            |    0    |    0    |    0    |
|----------|----------------------------------------|---------|---------|---------|
|          |            zext_ln24_fu_269            |    0    |    0    |    0    |
|   zext   |            zext_ln39_fu_286            |    0    |    0    |    0    |
|          |            zext_ln25_fu_317            |    0    |    0    |    0    |
|----------|----------------------------------------|---------|---------|---------|
|partselect|             lshr_ln_fu_277             |    0    |    0    |    0    |
|          |             tmp_end_fu_331             |    0    |    0    |    0    |
|----------|----------------------------------------|---------|---------|---------|
|   sext   |            sext_ln25_fu_313            |    0    |    0    |    0    |
|----------|----------------------------------------|---------|---------|---------|
|   Total  |                                        | 4.23414 |   584   |   749   |
|----------|----------------------------------------|---------|---------|---------|

Memories:
N/A

* Register list:
+---------------------+--------+
|                     |   FF   |
+---------------------+--------+
|add_ln21_cast_reg_392|    4   |
|   add_ln21_reg_386  |   64   |
| cnt_1_0_loc_reg_375 |   64   |
|    cnt_1_reg_191    |   64   |
| cnt_2_0_loc_reg_369 |   64   |
|     cnt_reg_166     |   64   |
|    empty_reg_397    |    8   |
|  horizon_1_reg_381  |   64   |
|   horizon_reg_362   |   64   |
|  icmp_ln25_reg_426  |    1   |
|  icmp_ln28_reg_445  |    1   |
| level_addr_1_reg_415|    8   |
|     n_1_reg_405     |    9   |
|      n_reg_180      |    9   |
|  nodes_addr_reg_430 |    8   |
| targetBlock_reg_449 |    1   |
|  tmp_begin_reg_435  |   64   |
|   tmp_end_reg_440   |   64   |
|  zext_ln24_reg_410  |   64   |
+---------------------+--------+
|        Total        |   689  |
+---------------------+--------+

* Multiplexer (MUX) list: 
|----------------------------------------|------|------|------|--------||---------||---------|
|                  Comp                  |  Pin | Size |  BW  | S x BW ||  Delay  ||   LUT   |
|----------------------------------------|------|------|------|--------||---------||---------|
|            grp_access_fu_102           |  p0  |   3  |   8  |   24   ||    13   |
|            grp_access_fu_117           |  p0  |   2  |   3  |    6   ||    9    |
|            grp_access_fu_117           |  p1  |   2  |  64  |   128  ||    9    |
|            grp_access_fu_160           |  p0  |   2  |   8  |   16   ||    9    |
|               cnt_reg_166              |  p0  |   2  |  64  |   128  ||    9    |
| grp_bfs_Pipeline_loop_neighbors_fu_206 |  p2  |   2  |  64  |   128  ||    9    |
| grp_bfs_Pipeline_loop_neighbors_fu_206 |  p3  |   2  |  64  |   128  ||    9    |
|----------------------------------------|------|------|------|--------||---------||---------|
|                  Total                 |      |      |      |   558  || 5.92214 ||    67   |
|----------------------------------------|------|------|------|--------||---------||---------|



* Summary:
+-----------+--------+--------+--------+
|           |  Delay |   FF   |   LUT  |
+-----------+--------+--------+--------+
|  Function |    4   |   584  |   749  |
|   Memory  |    -   |    -   |    -   |
|Multiplexer|    5   |    -   |   67   |
|  Register |    -   |   689  |    -   |
+-----------+--------+--------+--------+
|   Total   |   10   |  1273  |   816  |
+-----------+--------+--------+--------+
