

Implementation tool: Xilinx Vivado v.2022.1
Project:             bfs_random_prj
Solution:            solution
Device target:       xc7vx485t-ffg1761-2
Report date:         Sat May 27 17:00:09 CST 2023

#=== Post-Implementation Resource usage ===
SLICE:          302
LUT:            478
FF:            1033
DSP:              0
BRAM:             0
URAM:             0
LATCH:            0
SRL:              0
CLB:              0

#=== Final timing ===
CP required:                     10.000
CP achieved post-synthesis:      2.991
CP achieved post-implementation: 3.985
Timing met
